Analysis & Synthesis report for harness
Mon Mar 23 22:39:21 2020
Quartus Prime Version 18.0.0 Build 614 04/24/2018 SJ Lite Edition


---------------------
; Table of Contents ;
---------------------
  1. Legal Notice
  2. Analysis & Synthesis Summary
  3. Analysis & Synthesis Settings
  4. Parallel Compilation
  5. Analysis & Synthesis Source Files Read
  6. Analysis & Synthesis Resource Usage Summary
  7. Analysis & Synthesis Resource Utilization by Entity
  8. Registers Removed During Synthesis
  9. Removed Registers Triggering Further Register Optimizations
 10. General Register Statistics
 11. Multiplexer Restructuring Statistics (No Restructuring Performed)
 12. Parameter Settings for User Entity Instance: cpu:DUT|cpu_datapath:cpu_datapath0|reg_n:reg_inst[0].gen_reg_i
 13. Parameter Settings for User Entity Instance: cpu:DUT|cpu_datapath:cpu_datapath0|reg_n:reg_inst[1].gen_reg_i
 14. Parameter Settings for User Entity Instance: cpu:DUT|cpu_datapath:cpu_datapath0|reg_n:reg_inst[2].gen_reg_i
 15. Parameter Settings for User Entity Instance: cpu:DUT|cpu_datapath:cpu_datapath0|reg_n:reg_inst[3].gen_reg_i
 16. Parameter Settings for User Entity Instance: cpu:DUT|cpu_datapath:cpu_datapath0|reg_n:reg_inst[4].gen_reg_i
 17. Parameter Settings for User Entity Instance: cpu:DUT|cpu_datapath:cpu_datapath0|reg_n:reg_inst[5].gen_reg_i
 18. Parameter Settings for User Entity Instance: cpu:DUT|cpu_datapath:cpu_datapath0|reg_n:reg_inst[6].gen_reg_i
 19. Parameter Settings for User Entity Instance: cpu:DUT|cpu_datapath:cpu_datapath0|reg_n:reg_inst[7].gen_reg_i
 20. Parameter Settings for User Entity Instance: cpu:DUT|cpu_datapath:cpu_datapath0|reg_n:regZ
 21. Parameter Settings for User Entity Instance: cpu:DUT|cpu_datapath:cpu_datapath0|reg_n:regN
 22. Port Connectivity Checks: "cpu:DUT"
 23. Post-Synthesis Netlist Statistics for Top Partition
 24. Elapsed Time Per Partition
 25. Analysis & Synthesis Messages



----------------
; Legal Notice ;
----------------
Copyright (C) 2018  Intel Corporation. All rights reserved.
Your use of Intel Corporation's design tools, logic functions 
and other software and tools, and its AMPP partner logic 
functions, and any output files from any of the foregoing 
(including device programming or simulation files), and any 
associated documentation or information are expressly subject 
to the terms and conditions of the Intel Program License 
Subscription Agreement, the Intel Quartus Prime License Agreement,
the Intel FPGA IP License Agreement, or other applicable license
agreement, including, without limitation, that your use is for
the sole purpose of programming logic devices manufactured by
Intel and sold by Intel or its authorized distributors.  Please
refer to the applicable agreement for further details.



+-------------------------------------------------------------------------------+
; Analysis & Synthesis Summary                                                  ;
+---------------------------------+---------------------------------------------+
; Analysis & Synthesis Status     ; Successful - Mon Mar 23 22:39:20 2020       ;
; Quartus Prime Version           ; 18.0.0 Build 614 04/24/2018 SJ Lite Edition ;
; Revision Name                   ; harness                                     ;
; Top-level Entity Name           ; harness                                     ;
; Family                          ; Cyclone V                                   ;
; Logic utilization (in ALMs)     ; N/A                                         ;
; Total registers                 ; 373                                         ;
; Total pins                      ; 2                                           ;
; Total virtual pins              ; 83                                          ;
; Total block memory bits         ; 0                                           ;
; Total DSP Blocks                ; 0                                           ;
; Total HSSI RX PCSs              ; 0                                           ;
; Total HSSI PMA RX Deserializers ; 0                                           ;
; Total HSSI TX PCSs              ; 0                                           ;
; Total HSSI PMA TX Serializers   ; 0                                           ;
; Total PLLs                      ; 0                                           ;
; Total DLLs                      ; 0                                           ;
+---------------------------------+---------------------------------------------+


+---------------------------------------------------------------------------------------------------------------------------+
; Analysis & Synthesis Settings                                                                                             ;
+---------------------------------------------------------------------------------+--------------------+--------------------+
; Option                                                                          ; Setting            ; Default Value      ;
+---------------------------------------------------------------------------------+--------------------+--------------------+
; Device                                                                          ; 5CSEMA5F31C6       ;                    ;
; Top-level entity name                                                           ; harness            ; harness            ;
; Family name                                                                     ; Cyclone V          ; Cyclone V          ;
; Restructure Multiplexers                                                        ; Off                ; Auto               ;
; Optimization Technique                                                          ; Speed              ; Balanced           ;
; Use smart compilation                                                           ; Off                ; Off                ;
; Enable parallel Assembler and Timing Analyzer during compilation                ; On                 ; On                 ;
; Enable compact report table                                                     ; Off                ; Off                ;
; MLAB Add Timing Constraints For Mixed-Port Feed-Through Mode Setting Don't Care ; Off                ; Off                ;
; Create Debugging Nodes for IP Cores                                             ; Off                ; Off                ;
; Preserve fewer node names                                                       ; On                 ; On                 ;
; Intel FPGA IP Evaluation Mode                                                   ; Enable             ; Enable             ;
; Verilog Version                                                                 ; Verilog_2001       ; Verilog_2001       ;
; VHDL Version                                                                    ; VHDL_1993          ; VHDL_1993          ;
; State Machine Processing                                                        ; Auto               ; Auto               ;
; Safe State Machine                                                              ; Off                ; Off                ;
; Extract Verilog State Machines                                                  ; On                 ; On                 ;
; Extract VHDL State Machines                                                     ; On                 ; On                 ;
; Ignore Verilog initial constructs                                               ; Off                ; Off                ;
; Iteration limit for constant Verilog loops                                      ; 5000               ; 5000               ;
; Iteration limit for non-constant Verilog loops                                  ; 250                ; 250                ;
; Add Pass-Through Logic to Inferred RAMs                                         ; On                 ; On                 ;
; Infer RAMs from Raw Logic                                                       ; On                 ; On                 ;
; Parallel Synthesis                                                              ; On                 ; On                 ;
; DSP Block Balancing                                                             ; Auto               ; Auto               ;
; NOT Gate Push-Back                                                              ; On                 ; On                 ;
; Power-Up Don't Care                                                             ; On                 ; On                 ;
; Remove Redundant Logic Cells                                                    ; Off                ; Off                ;
; Remove Duplicate Registers                                                      ; On                 ; On                 ;
; Ignore CARRY Buffers                                                            ; Off                ; Off                ;
; Ignore CASCADE Buffers                                                          ; Off                ; Off                ;
; Ignore GLOBAL Buffers                                                           ; Off                ; Off                ;
; Ignore ROW GLOBAL Buffers                                                       ; Off                ; Off                ;
; Ignore LCELL Buffers                                                            ; Off                ; Off                ;
; Ignore SOFT Buffers                                                             ; On                 ; On                 ;
; Limit AHDL Integers to 32 Bits                                                  ; Off                ; Off                ;
; Carry Chain Length                                                              ; 70                 ; 70                 ;
; Auto Carry Chains                                                               ; On                 ; On                 ;
; Auto Open-Drain Pins                                                            ; On                 ; On                 ;
; Perform WYSIWYG Primitive Resynthesis                                           ; Off                ; Off                ;
; Auto ROM Replacement                                                            ; On                 ; On                 ;
; Auto RAM Replacement                                                            ; On                 ; On                 ;
; Auto DSP Block Replacement                                                      ; On                 ; On                 ;
; Auto Shift Register Replacement                                                 ; Auto               ; Auto               ;
; Allow Shift Register Merging across Hierarchies                                 ; Auto               ; Auto               ;
; Auto Clock Enable Replacement                                                   ; On                 ; On                 ;
; Strict RAM Replacement                                                          ; Off                ; Off                ;
; Allow Synchronous Control Signals                                               ; On                 ; On                 ;
; Force Use of Synchronous Clear Signals                                          ; Off                ; Off                ;
; Auto Resource Sharing                                                           ; Off                ; Off                ;
; Allow Any RAM Size For Recognition                                              ; Off                ; Off                ;
; Allow Any ROM Size For Recognition                                              ; Off                ; Off                ;
; Allow Any Shift Register Size For Recognition                                   ; Off                ; Off                ;
; Use LogicLock Constraints during Resource Balancing                             ; On                 ; On                 ;
; Ignore translate_off and synthesis_off directives                               ; Off                ; Off                ;
; Timing-Driven Synthesis                                                         ; On                 ; On                 ;
; Report Parameter Settings                                                       ; On                 ; On                 ;
; Report Source Assignments                                                       ; On                 ; On                 ;
; Report Connectivity Checks                                                      ; On                 ; On                 ;
; Ignore Maximum Fan-Out Assignments                                              ; Off                ; Off                ;
; Synchronization Register Chain Length                                           ; 3                  ; 3                  ;
; Power Optimization During Synthesis                                             ; Normal compilation ; Normal compilation ;
; HDL message level                                                               ; Level2             ; Level2             ;
; Suppress Register Optimization Related Messages                                 ; Off                ; Off                ;
; Number of Removed Registers Reported in Synthesis Report                        ; 5000               ; 5000               ;
; Number of Swept Nodes Reported in Synthesis Report                              ; 5000               ; 5000               ;
; Number of Inverted Registers Reported in Synthesis Report                       ; 100                ; 100                ;
; Clock MUX Protection                                                            ; On                 ; On                 ;
; Auto Gated Clock Conversion                                                     ; Off                ; Off                ;
; Block Design Naming                                                             ; Auto               ; Auto               ;
; SDC constraint protection                                                       ; Off                ; Off                ;
; Synthesis Effort                                                                ; Auto               ; Auto               ;
; Shift Register Replacement - Allow Asynchronous Clear Signal                    ; On                 ; On                 ;
; Pre-Mapping Resynthesis Optimization                                            ; Off                ; Off                ;
; Analysis & Synthesis Message Level                                              ; Medium             ; Medium             ;
; Disable Register Merging Across Hierarchies                                     ; Auto               ; Auto               ;
; Resource Aware Inference For Block RAM                                          ; On                 ; On                 ;
; Automatic Parallel Synthesis                                                    ; On                 ; On                 ;
; Partial Reconfiguration Bitstream ID                                            ; Off                ; Off                ;
+---------------------------------------------------------------------------------+--------------------+--------------------+


+------------------------------------------+
; Parallel Compilation                     ;
+----------------------------+-------------+
; Processors                 ; Number      ;
+----------------------------+-------------+
; Number detected on machine ; 8           ;
; Maximum allowed            ; 4           ;
;                            ;             ;
; Average used               ; 1.00        ;
; Maximum used               ; 4           ;
;                            ;             ;
; Usage by Processor         ; % Time Used ;
;     Processor 1            ; 100.0%      ;
;     Processors 2-4         ;   0.1%      ;
+----------------------------+-------------+


+------------------------------------------------------------------------------------------------------------------------------+
; Analysis & Synthesis Source Files Read                                                                                       ;
+----------------------------------+-----------------+------------------------------+--------------------------------+---------+
; File Name with User-Entered Path ; Used in Netlist ; File Type                    ; File Name with Absolute Path   ; Library ;
+----------------------------------+-----------------+------------------------------+--------------------------------+---------+
; reg_n.sv                         ; yes             ; User SystemVerilog HDL File  ; E:/ECE342/Lab7/reg_n.sv        ;         ;
; cpu_rf_write.sv                  ; yes             ; User SystemVerilog HDL File  ; E:/ECE342/Lab7/cpu_rf_write.sv ;         ;
; cpu_rf_read.sv                   ; yes             ; User SystemVerilog HDL File  ; E:/ECE342/Lab7/cpu_rf_read.sv  ;         ;
; cpu_fetch.sv                     ; yes             ; User SystemVerilog HDL File  ; E:/ECE342/Lab7/cpu_fetch.sv    ;         ;
; cpu_execute.sv                   ; yes             ; User SystemVerilog HDL File  ; E:/ECE342/Lab7/cpu_execute.sv  ;         ;
; cpu_datapath.sv                  ; yes             ; User SystemVerilog HDL File  ; E:/ECE342/Lab7/cpu_datapath.sv ;         ;
; cpu_control.sv                   ; yes             ; User SystemVerilog HDL File  ; E:/ECE342/Lab7/cpu_control.sv  ;         ;
; cpu.sv                           ; yes             ; User SystemVerilog HDL File  ; E:/ECE342/Lab7/cpu.sv          ;         ;
; harness.sv                       ; yes             ; User SystemVerilog HDL File  ; E:/ECE342/Lab7/harness.sv      ;         ;
+----------------------------------+-----------------+------------------------------+--------------------------------+---------+


+---------------------------------------------------------+
; Analysis & Synthesis Resource Usage Summary             ;
+---------------------------------------------+-----------+
; Resource                                    ; Usage     ;
+---------------------------------------------+-----------+
; Estimate of Logic utilization (ALMs needed) ; 272       ;
;                                             ;           ;
; Combinational ALUT usage for logic          ; 149       ;
;     -- 7 input functions                    ; 64        ;
;     -- 6 input functions                    ; 23        ;
;     -- 5 input functions                    ; 28        ;
;     -- 4 input functions                    ; 14        ;
;     -- <=3 input functions                  ; 20        ;
;                                             ;           ;
; Dedicated logic registers                   ; 373       ;
;                                             ;           ;
; Virtual pins                                ; 83        ;
; I/O pins                                    ; 2         ;
;                                             ;           ;
; Total DSP Blocks                            ; 0         ;
;                                             ;           ;
; Maximum fan-out node                        ; clk~input ;
; Maximum fan-out                             ; 373       ;
; Total fan-out                               ; 1928      ;
; Average fan-out                             ; 3.17      ;
+---------------------------------------------+-----------+


+---------------------------------------------------------------------------------------------------------------------------------------------------------------------------------------------------------------------------------------------------------+
; Analysis & Synthesis Resource Utilization by Entity                                                                                                                                                                                                     ;
+----------------------------------------+---------------------+---------------------------+-------------------+------------+------+--------------+-------------------------------------------------------------------------+--------------+--------------+
; Compilation Hierarchy Node             ; Combinational ALUTs ; Dedicated Logic Registers ; Block Memory Bits ; DSP Blocks ; Pins ; Virtual Pins ; Full Hierarchy Name                                                     ; Entity Name  ; Library Name ;
+----------------------------------------+---------------------+---------------------------+-------------------+------------+------+--------------+-------------------------------------------------------------------------+--------------+--------------+
; |harness                               ; 149 (0)             ; 373 (81)                  ; 0                 ; 0          ; 2    ; 83           ; |harness                                                                ; harness      ; work         ;
;    |cpu:DUT|                           ; 149 (0)             ; 292 (0)                   ; 0                 ; 0          ; 0    ; 0            ; |harness|cpu:DUT                                                        ; cpu          ; work         ;
;       |cpu_control:cpu_control0|       ; 10 (0)              ; 0 (0)                     ; 0                 ; 0          ; 0    ; 0            ; |harness|cpu:DUT|cpu_control:cpu_control0                               ; cpu_control  ; work         ;
;          |cpu_execute:cpu_ex0|         ; 6 (6)               ; 0 (0)                     ; 0                 ; 0          ; 0    ; 0            ; |harness|cpu:DUT|cpu_control:cpu_control0|cpu_execute:cpu_ex0           ; cpu_execute  ; work         ;
;          |cpu_rf_write:cpu_rfw0|       ; 4 (4)               ; 0 (0)                     ; 0                 ; 0          ; 0    ; 0            ; |harness|cpu:DUT|cpu_control:cpu_control0|cpu_rf_write:cpu_rfw0         ; cpu_rf_write ; work         ;
;       |cpu_datapath:cpu_datapath0|     ; 139 (139)           ; 292 (164)                 ; 0                 ; 0          ; 0    ; 0            ; |harness|cpu:DUT|cpu_datapath:cpu_datapath0                             ; cpu_datapath ; work         ;
;          |reg_n:reg_inst[0].gen_reg_i| ; 0 (0)               ; 16 (16)                   ; 0                 ; 0          ; 0    ; 0            ; |harness|cpu:DUT|cpu_datapath:cpu_datapath0|reg_n:reg_inst[0].gen_reg_i ; reg_n        ; work         ;
;          |reg_n:reg_inst[1].gen_reg_i| ; 0 (0)               ; 16 (16)                   ; 0                 ; 0          ; 0    ; 0            ; |harness|cpu:DUT|cpu_datapath:cpu_datapath0|reg_n:reg_inst[1].gen_reg_i ; reg_n        ; work         ;
;          |reg_n:reg_inst[2].gen_reg_i| ; 0 (0)               ; 16 (16)                   ; 0                 ; 0          ; 0    ; 0            ; |harness|cpu:DUT|cpu_datapath:cpu_datapath0|reg_n:reg_inst[2].gen_reg_i ; reg_n        ; work         ;
;          |reg_n:reg_inst[3].gen_reg_i| ; 0 (0)               ; 16 (16)                   ; 0                 ; 0          ; 0    ; 0            ; |harness|cpu:DUT|cpu_datapath:cpu_datapath0|reg_n:reg_inst[3].gen_reg_i ; reg_n        ; work         ;
;          |reg_n:reg_inst[4].gen_reg_i| ; 0 (0)               ; 16 (16)                   ; 0                 ; 0          ; 0    ; 0            ; |harness|cpu:DUT|cpu_datapath:cpu_datapath0|reg_n:reg_inst[4].gen_reg_i ; reg_n        ; work         ;
;          |reg_n:reg_inst[5].gen_reg_i| ; 0 (0)               ; 16 (16)                   ; 0                 ; 0          ; 0    ; 0            ; |harness|cpu:DUT|cpu_datapath:cpu_datapath0|reg_n:reg_inst[5].gen_reg_i ; reg_n        ; work         ;
;          |reg_n:reg_inst[6].gen_reg_i| ; 0 (0)               ; 16 (16)                   ; 0                 ; 0          ; 0    ; 0            ; |harness|cpu:DUT|cpu_datapath:cpu_datapath0|reg_n:reg_inst[6].gen_reg_i ; reg_n        ; work         ;
;          |reg_n:reg_inst[7].gen_reg_i| ; 0 (0)               ; 16 (16)                   ; 0                 ; 0          ; 0    ; 0            ; |harness|cpu:DUT|cpu_datapath:cpu_datapath0|reg_n:reg_inst[7].gen_reg_i ; reg_n        ; work         ;
+----------------------------------------+---------------------+---------------------------+-------------------+------------+------+--------------+-------------------------------------------------------------------------+--------------+--------------+
Note: For table entries with two numbers listed, the numbers in parentheses indicate the number of resources of the given type used by the specific entity alone. The numbers listed outside of parentheses indicate the total resources of the given type used by the specific entity and all of its sub-entities in the hierarchy.


+---------------------------------------------------------------------------------------+
; Registers Removed During Synthesis                                                    ;
+----------------------------------------------+----------------------------------------+
; Register name                                ; Reason for Removal                     ;
+----------------------------------------------+----------------------------------------+
; o_pc_rd~reg0                                 ; Stuck at VCC due to stuck port data_in ;
; cpu:DUT|cpu_datapath:cpu_datapath0|pc[0]     ; Stuck at GND due to stuck port data_in ;
; cpu:DUT|cpu_datapath:cpu_datapath0|pc_rfr[0] ; Stuck at GND due to stuck port data_in ;
; cpu:DUT|cpu_datapath:cpu_datapath0|pc_ex[0]  ; Stuck at GND due to stuck port data_in ;
; cpu:DUT|cpu_datapath:cpu_datapath0|pc_rfw[0] ; Stuck at GND due to stuck port data_in ;
; o_pc_addr[0]~reg0                            ; Stuck at GND due to stuck port data_in ;
; Total Number of Removed Registers = 6        ;                                        ;
+----------------------------------------------+----------------------------------------+


+----------------------------------------------------------------------------------------------------------------------------------------+
; Removed Registers Triggering Further Register Optimizations                                                                            ;
+------------------------------------------+---------------------------+-----------------------------------------------------------------+
; Register name                            ; Reason for Removal        ; Registers Removed due to This Register                          ;
+------------------------------------------+---------------------------+-----------------------------------------------------------------+
; cpu:DUT|cpu_datapath:cpu_datapath0|pc[0] ; Stuck at GND              ; cpu:DUT|cpu_datapath:cpu_datapath0|pc_rfr[0],                   ;
;                                          ; due to stuck port data_in ; cpu:DUT|cpu_datapath:cpu_datapath0|pc_ex[0],                    ;
;                                          ;                           ; cpu:DUT|cpu_datapath:cpu_datapath0|pc_rfw[0], o_pc_addr[0]~reg0 ;
+------------------------------------------+---------------------------+-----------------------------------------------------------------+


+------------------------------------------------------+
; General Register Statistics                          ;
+----------------------------------------------+-------+
; Statistic                                    ; Value ;
+----------------------------------------------+-------+
; Total registers                              ; 373   ;
; Number of registers using Synchronous Clear  ; 0     ;
; Number of registers using Synchronous Load   ; 0     ;
; Number of registers using Asynchronous Clear ; 148   ;
; Number of registers using Asynchronous Load  ; 0     ;
; Number of registers using Clock Enable       ; 144   ;
; Number of registers using Preset             ; 0     ;
+----------------------------------------------+-------+


+------------------------------------------------------------------------------------------------------------------------------------------------------------------------------------+
; Multiplexer Restructuring Statistics (No Restructuring Performed)                                                                                                                  ;
+--------------------+-----------+---------------+----------------------+------------------------+------------+----------------------------------------------------------------------+
; Multiplexer Inputs ; Bus Width ; Baseline Area ; Area if Restructured ; Saving if Restructured ; Registered ; Example Multiplexer Output                                           ;
+--------------------+-----------+---------------+----------------------+------------------------+------------+----------------------------------------------------------------------+
; 8:1                ; 16 bits   ; 80 LEs        ; 80 LEs               ; 0 LEs                  ; Yes        ; |harness|cpu:DUT|cpu_datapath:cpu_datapath0|Rx_ex[0]                 ;
; 8:1                ; 16 bits   ; 80 LEs        ; 80 LEs               ; 0 LEs                  ; Yes        ; |harness|cpu:DUT|cpu_datapath:cpu_datapath0|Ry_ex[0]                 ;
; 8:1                ; 14 bits   ; 70 LEs        ; 56 LEs               ; 14 LEs                 ; No         ; |harness|cpu:DUT|cpu_datapath:cpu_datapath0|Mux46                    ;
; 16:1               ; 2 bits    ; 20 LEs        ; 10 LEs               ; 10 LEs                 ; No         ; |harness|cpu:DUT|cpu_control:cpu_control0|cpu_rf_write:cpu_rfw0|Mux0 ;
+--------------------+-----------+---------------+----------------------+------------------------+------------+----------------------------------------------------------------------+


+-------------------------------------------------------------------------------------------------------------+
; Parameter Settings for User Entity Instance: cpu:DUT|cpu_datapath:cpu_datapath0|reg_n:reg_inst[0].gen_reg_i ;
+----------------+-------+------------------------------------------------------------------------------------+
; Parameter Name ; Value ; Type                                                                               ;
+----------------+-------+------------------------------------------------------------------------------------+
; n              ; 16    ; Signed Integer                                                                     ;
+----------------+-------+------------------------------------------------------------------------------------+
Note: In order to hide this table in the UI and the text report file, please set the "Show Parameter Settings in Synthesis Report" option in "Analysis and Synthesis Settings -> More Settings" to "Off".


+-------------------------------------------------------------------------------------------------------------+
; Parameter Settings for User Entity Instance: cpu:DUT|cpu_datapath:cpu_datapath0|reg_n:reg_inst[1].gen_reg_i ;
+----------------+-------+------------------------------------------------------------------------------------+
; Parameter Name ; Value ; Type                                                                               ;
+----------------+-------+------------------------------------------------------------------------------------+
; n              ; 16    ; Signed Integer                                                                     ;
+----------------+-------+------------------------------------------------------------------------------------+
Note: In order to hide this table in the UI and the text report file, please set the "Show Parameter Settings in Synthesis Report" option in "Analysis and Synthesis Settings -> More Settings" to "Off".


+-------------------------------------------------------------------------------------------------------------+
; Parameter Settings for User Entity Instance: cpu:DUT|cpu_datapath:cpu_datapath0|reg_n:reg_inst[2].gen_reg_i ;
+----------------+-------+------------------------------------------------------------------------------------+
; Parameter Name ; Value ; Type                                                                               ;
+----------------+-------+------------------------------------------------------------------------------------+
; n              ; 16    ; Signed Integer                                                                     ;
+----------------+-------+------------------------------------------------------------------------------------+
Note: In order to hide this table in the UI and the text report file, please set the "Show Parameter Settings in Synthesis Report" option in "Analysis and Synthesis Settings -> More Settings" to "Off".


+-------------------------------------------------------------------------------------------------------------+
; Parameter Settings for User Entity Instance: cpu:DUT|cpu_datapath:cpu_datapath0|reg_n:reg_inst[3].gen_reg_i ;
+----------------+-------+------------------------------------------------------------------------------------+
; Parameter Name ; Value ; Type                                                                               ;
+----------------+-------+------------------------------------------------------------------------------------+
; n              ; 16    ; Signed Integer                                                                     ;
+----------------+-------+------------------------------------------------------------------------------------+
Note: In order to hide this table in the UI and the text report file, please set the "Show Parameter Settings in Synthesis Report" option in "Analysis and Synthesis Settings -> More Settings" to "Off".


+-------------------------------------------------------------------------------------------------------------+
; Parameter Settings for User Entity Instance: cpu:DUT|cpu_datapath:cpu_datapath0|reg_n:reg_inst[4].gen_reg_i ;
+----------------+-------+------------------------------------------------------------------------------------+
; Parameter Name ; Value ; Type                                                                               ;
+----------------+-------+------------------------------------------------------------------------------------+
; n              ; 16    ; Signed Integer                                                                     ;
+----------------+-------+------------------------------------------------------------------------------------+
Note: In order to hide this table in the UI and the text report file, please set the "Show Parameter Settings in Synthesis Report" option in "Analysis and Synthesis Settings -> More Settings" to "Off".


+-------------------------------------------------------------------------------------------------------------+
; Parameter Settings for User Entity Instance: cpu:DUT|cpu_datapath:cpu_datapath0|reg_n:reg_inst[5].gen_reg_i ;
+----------------+-------+------------------------------------------------------------------------------------+
; Parameter Name ; Value ; Type                                                                               ;
+----------------+-------+------------------------------------------------------------------------------------+
; n              ; 16    ; Signed Integer                                                                     ;
+----------------+-------+------------------------------------------------------------------------------------+
Note: In order to hide this table in the UI and the text report file, please set the "Show Parameter Settings in Synthesis Report" option in "Analysis and Synthesis Settings -> More Settings" to "Off".


+-------------------------------------------------------------------------------------------------------------+
; Parameter Settings for User Entity Instance: cpu:DUT|cpu_datapath:cpu_datapath0|reg_n:reg_inst[6].gen_reg_i ;
+----------------+-------+------------------------------------------------------------------------------------+
; Parameter Name ; Value ; Type                                                                               ;
+----------------+-------+------------------------------------------------------------------------------------+
; n              ; 16    ; Signed Integer                                                                     ;
+----------------+-------+------------------------------------------------------------------------------------+
Note: In order to hide this table in the UI and the text report file, please set the "Show Parameter Settings in Synthesis Report" option in "Analysis and Synthesis Settings -> More Settings" to "Off".


+-------------------------------------------------------------------------------------------------------------+
; Parameter Settings for User Entity Instance: cpu:DUT|cpu_datapath:cpu_datapath0|reg_n:reg_inst[7].gen_reg_i ;
+----------------+-------+------------------------------------------------------------------------------------+
; Parameter Name ; Value ; Type                                                                               ;
+----------------+-------+------------------------------------------------------------------------------------+
; n              ; 16    ; Signed Integer                                                                     ;
+----------------+-------+------------------------------------------------------------------------------------+
Note: In order to hide this table in the UI and the text report file, please set the "Show Parameter Settings in Synthesis Report" option in "Analysis and Synthesis Settings -> More Settings" to "Off".


+--------------------------------------------------------------------------------------------+
; Parameter Settings for User Entity Instance: cpu:DUT|cpu_datapath:cpu_datapath0|reg_n:regZ ;
+----------------+-------+-------------------------------------------------------------------+
; Parameter Name ; Value ; Type                                                              ;
+----------------+-------+-------------------------------------------------------------------+
; n              ; 1     ; Signed Integer                                                    ;
+----------------+-------+-------------------------------------------------------------------+
Note: In order to hide this table in the UI and the text report file, please set the "Show Parameter Settings in Synthesis Report" option in "Analysis and Synthesis Settings -> More Settings" to "Off".


+--------------------------------------------------------------------------------------------+
; Parameter Settings for User Entity Instance: cpu:DUT|cpu_datapath:cpu_datapath0|reg_n:regN ;
+----------------+-------+-------------------------------------------------------------------+
; Parameter Name ; Value ; Type                                                              ;
+----------------+-------+-------------------------------------------------------------------+
; n              ; 1     ; Signed Integer                                                    ;
+----------------+-------+-------------------------------------------------------------------+
Note: In order to hide this table in the UI and the text report file, please set the "Show Parameter Settings in Synthesis Report" option in "Analysis and Synthesis Settings -> More Settings" to "Off".


+--------------------------------------------------------+
; Port Connectivity Checks: "cpu:DUT"                    ;
+-----------+--------+----------+------------------------+
; Port      ; Type   ; Severity ; Details                ;
+-----------+--------+----------+------------------------+
; o_tb_regs ; Output ; Info     ; Explicitly unconnected ;
+-----------+--------+----------+------------------------+


+-----------------------------------------------------+
; Post-Synthesis Netlist Statistics for Top Partition ;
+-----------------------+-----------------------------+
; Type                  ; Count                       ;
+-----------------------+-----------------------------+
; arriav_ff             ; 373                         ;
;     CLR               ; 148                         ;
;     ENA               ; 144                         ;
;     plain             ; 81                          ;
; arriav_lcell_comb     ; 151                         ;
;     arith             ; 32                          ;
;         1 data inputs ; 15                          ;
;         2 data inputs ; 1                           ;
;         5 data inputs ; 16                          ;
;     extend            ; 64                          ;
;         7 data inputs ; 64                          ;
;     normal            ; 55                          ;
;         0 data inputs ; 2                           ;
;         2 data inputs ; 2                           ;
;         3 data inputs ; 2                           ;
;         4 data inputs ; 14                          ;
;         5 data inputs ; 12                          ;
;         6 data inputs ; 23                          ;
; boundary_port         ; 85                          ;
;                       ;                             ;
; Max LUT depth         ; 3.60                        ;
; Average LUT depth     ; 1.56                        ;
+-----------------------+-----------------------------+


+-------------------------------+
; Elapsed Time Per Partition    ;
+----------------+--------------+
; Partition Name ; Elapsed Time ;
+----------------+--------------+
; Top            ; 00:00:01     ;
+----------------+--------------+


+-------------------------------+
; Analysis & Synthesis Messages ;
+-------------------------------+
Info: *******************************************************************
Info: Running Quartus Prime Analysis & Synthesis
    Info: Version 18.0.0 Build 614 04/24/2018 SJ Lite Edition
    Info: Processing started: Mon Mar 23 22:39:03 2020
Info: Command: quartus_map --read_settings_files=on --write_settings_files=off harness -c harness
Info (16303): Aggressive Performance optimization mode selected -- timing performance will be prioritized at the potential cost of increased logic area and compilation time
Warning (18236): Number of processors has not been specified which may cause overloading on shared machines.  Set the global assignment NUM_PARALLEL_PROCESSORS in your QSF to an appropriate value for best performance.
Info (20030): Parallel compilation is enabled and will use 4 of the 4 processors detected
Info (12021): Found 1 design units, including 1 entities, in source file reg_n.sv
    Info (12023): Found entity 1: reg_n File: E:/ECE342/Lab7/reg_n.sv Line: 1
Info (12021): Found 1 design units, including 1 entities, in source file cpu_rf_write.sv
    Info (12023): Found entity 1: cpu_rf_write File: E:/ECE342/Lab7/cpu_rf_write.sv Line: 1
Info (12021): Found 1 design units, including 1 entities, in source file cpu_rf_read.sv
    Info (12023): Found entity 1: cpu_rf_read File: E:/ECE342/Lab7/cpu_rf_read.sv Line: 1
Info (12021): Found 1 design units, including 1 entities, in source file cpu_fetch.sv
    Info (12023): Found entity 1: cpu_fetch File: E:/ECE342/Lab7/cpu_fetch.sv Line: 1
Info (12021): Found 1 design units, including 1 entities, in source file cpu_execute.sv
    Info (12023): Found entity 1: cpu_execute File: E:/ECE342/Lab7/cpu_execute.sv Line: 1
Info (12021): Found 1 design units, including 1 entities, in source file cpu_datapath.sv
    Info (12023): Found entity 1: cpu_datapath File: E:/ECE342/Lab7/cpu_datapath.sv Line: 1
Info (12021): Found 1 design units, including 1 entities, in source file cpu_control.sv
    Info (12023): Found entity 1: cpu_control File: E:/ECE342/Lab7/cpu_control.sv Line: 1
Info (12021): Found 1 design units, including 1 entities, in source file cpu.sv
    Info (12023): Found entity 1: cpu File: E:/ECE342/Lab7/cpu.sv Line: 1
Info (12021): Found 1 design units, including 1 entities, in source file harness.sv
    Info (12023): Found entity 1: harness File: E:/ECE342/Lab7/harness.sv Line: 1
Info (12127): Elaborating entity "harness" for the top level hierarchy
Info (12128): Elaborating entity "cpu" for hierarchy "cpu:DUT" File: E:/ECE342/Lab7/harness.sv Line: 51
Info (12128): Elaborating entity "cpu_control" for hierarchy "cpu:DUT|cpu_control:cpu_control0" File: E:/ECE342/Lab7/cpu.sv Line: 83
Info (12128): Elaborating entity "cpu_fetch" for hierarchy "cpu:DUT|cpu_control:cpu_control0|cpu_fetch:cpu_fetch0" File: E:/ECE342/Lab7/cpu_control.sv Line: 50
Info (12128): Elaborating entity "cpu_rf_read" for hierarchy "cpu:DUT|cpu_control:cpu_control0|cpu_rf_read:cpu_rfr0" File: E:/ECE342/Lab7/cpu_control.sv Line: 59
Info (12128): Elaborating entity "cpu_execute" for hierarchy "cpu:DUT|cpu_control:cpu_control0|cpu_execute:cpu_ex0" File: E:/ECE342/Lab7/cpu_control.sv Line: 78
Info (12128): Elaborating entity "cpu_rf_write" for hierarchy "cpu:DUT|cpu_control:cpu_control0|cpu_rf_write:cpu_rfw0" File: E:/ECE342/Lab7/cpu_control.sv Line: 87
Info (12128): Elaborating entity "cpu_datapath" for hierarchy "cpu:DUT|cpu_datapath:cpu_datapath0" File: E:/ECE342/Lab7/cpu.sv Line: 127
Warning (10036): Verilog HDL or VHDL warning at cpu_datapath.sv(52): object "pc_jump" assigned a value but never read File: E:/ECE342/Lab7/cpu_datapath.sv Line: 52
Warning (10036): Verilog HDL or VHDL warning at cpu_datapath.sv(63): object "Rx_sel_ex" assigned a value but never read File: E:/ECE342/Lab7/cpu_datapath.sv Line: 63
Warning (10036): Verilog HDL or VHDL warning at cpu_datapath.sv(64): object "Ry_sel_ex" assigned a value but never read File: E:/ECE342/Lab7/cpu_datapath.sv Line: 64
Warning (10036): Verilog HDL or VHDL warning at cpu_datapath.sv(64): object "Ry_sel_rfw" assigned a value but never read File: E:/ECE342/Lab7/cpu_datapath.sv Line: 64
Warning (10036): Verilog HDL or VHDL warning at cpu_datapath.sv(77): object "imm8_rfr" assigned a value but never read File: E:/ECE342/Lab7/cpu_datapath.sv Line: 77
Warning (10036): Verilog HDL or VHDL warning at cpu_datapath.sv(78): object "imm11_ex" assigned a value but never read File: E:/ECE342/Lab7/cpu_datapath.sv Line: 78
Warning (10036): Verilog HDL or VHDL warning at cpu_datapath.sv(78): object "imm11_rfw" assigned a value but never read File: E:/ECE342/Lab7/cpu_datapath.sv Line: 78
Warning (10230): Verilog HDL assignment warning at cpu_datapath.sv(107): truncated value with size 32 to match size of target (16) File: E:/ECE342/Lab7/cpu_datapath.sv Line: 107
Info (12128): Elaborating entity "reg_n" for hierarchy "cpu:DUT|cpu_datapath:cpu_datapath0|reg_n:reg_inst[0].gen_reg_i" File: E:/ECE342/Lab7/cpu_datapath.sv Line: 72
Info (12128): Elaborating entity "reg_n" for hierarchy "cpu:DUT|cpu_datapath:cpu_datapath0|reg_n:regZ" File: E:/ECE342/Lab7/cpu_datapath.sv Line: 97
Warning (13024): Output pins are stuck at VCC or GND
    Warning (13410): Pin "o_pc_addr[0]" is stuck at GND File: E:/ECE342/Lab7/harness.sv Line: 26
    Warning (13410): Pin "o_pc_rd" is stuck at VCC File: E:/ECE342/Lab7/harness.sv Line: 7
Info (286030): Timing-Driven Synthesis is running
Info (16010): Generating hard_block partition "hard_block:auto_generated_inst"
    Info (16011): Adding 0 node(s), including 0 DDIO, 0 PLL, 0 transceiver and 0 LCELL
Info (15717): Design contains 83 virtual pins; timing numbers associated with paths containing virtual pins are estimates
    Info (15719): Pin "o_pc_addr[0]" is virtual output pin File: E:/ECE342/Lab7/harness.sv Line: 26
    Info (15719): Pin "o_pc_addr[1]" is virtual output pin File: E:/ECE342/Lab7/harness.sv Line: 26
    Info (15719): Pin "o_pc_addr[2]" is virtual output pin File: E:/ECE342/Lab7/harness.sv Line: 26
    Info (15719): Pin "o_pc_addr[3]" is virtual output pin File: E:/ECE342/Lab7/harness.sv Line: 26
    Info (15719): Pin "o_pc_addr[4]" is virtual output pin File: E:/ECE342/Lab7/harness.sv Line: 26
    Info (15719): Pin "o_pc_addr[5]" is virtual output pin File: E:/ECE342/Lab7/harness.sv Line: 26
    Info (15719): Pin "o_pc_addr[6]" is virtual output pin File: E:/ECE342/Lab7/harness.sv Line: 26
    Info (15719): Pin "o_pc_addr[7]" is virtual output pin File: E:/ECE342/Lab7/harness.sv Line: 26
    Info (15719): Pin "o_pc_addr[8]" is virtual output pin File: E:/ECE342/Lab7/harness.sv Line: 26
    Info (15719): Pin "o_pc_addr[9]" is virtual output pin File: E:/ECE342/Lab7/harness.sv Line: 26
    Info (15719): Pin "o_pc_addr[10]" is virtual output pin File: E:/ECE342/Lab7/harness.sv Line: 26
    Info (15719): Pin "o_pc_addr[11]" is virtual output pin File: E:/ECE342/Lab7/harness.sv Line: 26
    Info (15719): Pin "o_pc_addr[12]" is virtual output pin File: E:/ECE342/Lab7/harness.sv Line: 26
    Info (15719): Pin "o_pc_addr[13]" is virtual output pin File: E:/ECE342/Lab7/harness.sv Line: 26
    Info (15719): Pin "o_pc_addr[14]" is virtual output pin File: E:/ECE342/Lab7/harness.sv Line: 26
    Info (15719): Pin "o_pc_addr[15]" is virtual output pin File: E:/ECE342/Lab7/harness.sv Line: 26
    Info (15719): Pin "o_pc_rd" is virtual output pin File: E:/ECE342/Lab7/harness.sv Line: 7
    Info (15719): Pin "o_ldst_addr[0]" is virtual output pin File: E:/ECE342/Lab7/harness.sv Line: 26
    Info (15719): Pin "o_ldst_addr[1]" is virtual output pin File: E:/ECE342/Lab7/harness.sv Line: 26
    Info (15719): Pin "o_ldst_addr[2]" is virtual output pin File: E:/ECE342/Lab7/harness.sv Line: 26
    Info (15719): Pin "o_ldst_addr[3]" is virtual output pin File: E:/ECE342/Lab7/harness.sv Line: 26
    Info (15719): Pin "o_ldst_addr[4]" is virtual output pin File: E:/ECE342/Lab7/harness.sv Line: 26
    Info (15719): Pin "o_ldst_addr[5]" is virtual output pin File: E:/ECE342/Lab7/harness.sv Line: 26
    Info (15719): Pin "o_ldst_addr[6]" is virtual output pin File: E:/ECE342/Lab7/harness.sv Line: 26
    Info (15719): Pin "o_ldst_addr[7]" is virtual output pin File: E:/ECE342/Lab7/harness.sv Line: 26
    Info (15719): Pin "o_ldst_addr[8]" is virtual output pin File: E:/ECE342/Lab7/harness.sv Line: 26
    Info (15719): Pin "o_ldst_addr[9]" is virtual output pin File: E:/ECE342/Lab7/harness.sv Line: 26
    Info (15719): Pin "o_ldst_addr[10]" is virtual output pin File: E:/ECE342/Lab7/harness.sv Line: 26
    Info (15719): Pin "o_ldst_addr[11]" is virtual output pin File: E:/ECE342/Lab7/harness.sv Line: 26
    Info (15719): Pin "o_ldst_addr[12]" is virtual output pin File: E:/ECE342/Lab7/harness.sv Line: 26
    Info (15719): Pin "o_ldst_addr[13]" is virtual output pin File: E:/ECE342/Lab7/harness.sv Line: 26
    Info (15719): Pin "o_ldst_addr[14]" is virtual output pin File: E:/ECE342/Lab7/harness.sv Line: 26
    Info (15719): Pin "o_ldst_addr[15]" is virtual output pin File: E:/ECE342/Lab7/harness.sv Line: 26
    Info (15719): Pin "o_ldst_rd" is virtual output pin File: E:/ECE342/Lab7/harness.sv Line: 11
    Info (15719): Pin "o_ldst_wr" is virtual output pin File: E:/ECE342/Lab7/harness.sv Line: 12
    Info (15719): Pin "o_ldst_wrdata[0]" is virtual output pin File: E:/ECE342/Lab7/harness.sv Line: 26
    Info (15719): Pin "o_ldst_wrdata[1]" is virtual output pin File: E:/ECE342/Lab7/harness.sv Line: 26
    Info (15719): Pin "o_ldst_wrdata[2]" is virtual output pin File: E:/ECE342/Lab7/harness.sv Line: 26
    Info (15719): Pin "o_ldst_wrdata[3]" is virtual output pin File: E:/ECE342/Lab7/harness.sv Line: 26
    Info (15719): Pin "o_ldst_wrdata[4]" is virtual output pin File: E:/ECE342/Lab7/harness.sv Line: 26
    Info (15719): Pin "o_ldst_wrdata[5]" is virtual output pin File: E:/ECE342/Lab7/harness.sv Line: 26
    Info (15719): Pin "o_ldst_wrdata[6]" is virtual output pin File: E:/ECE342/Lab7/harness.sv Line: 26
    Info (15719): Pin "o_ldst_wrdata[7]" is virtual output pin File: E:/ECE342/Lab7/harness.sv Line: 26
    Info (15719): Pin "o_ldst_wrdata[8]" is virtual output pin File: E:/ECE342/Lab7/harness.sv Line: 26
    Info (15719): Pin "o_ldst_wrdata[9]" is virtual output pin File: E:/ECE342/Lab7/harness.sv Line: 26
    Info (15719): Pin "o_ldst_wrdata[10]" is virtual output pin File: E:/ECE342/Lab7/harness.sv Line: 26
    Info (15719): Pin "o_ldst_wrdata[11]" is virtual output pin File: E:/ECE342/Lab7/harness.sv Line: 26
    Info (15719): Pin "o_ldst_wrdata[12]" is virtual output pin File: E:/ECE342/Lab7/harness.sv Line: 26
    Info (15719): Pin "o_ldst_wrdata[13]" is virtual output pin File: E:/ECE342/Lab7/harness.sv Line: 26
    Info (15719): Pin "o_ldst_wrdata[14]" is virtual output pin File: E:/ECE342/Lab7/harness.sv Line: 26
    Info (15719): Pin "o_ldst_wrdata[15]" is virtual output pin File: E:/ECE342/Lab7/harness.sv Line: 26
    Info (15718): Pin "i_pc_rddata[0]" is virtual input pin File: E:/ECE342/Lab7/harness.sv Line: 8
    Info (15718): Pin "i_pc_rddata[2]" is virtual input pin File: E:/ECE342/Lab7/harness.sv Line: 8
    Info (15718): Pin "i_pc_rddata[3]" is virtual input pin File: E:/ECE342/Lab7/harness.sv Line: 8
    Info (15718): Pin "i_pc_rddata[1]" is virtual input pin File: E:/ECE342/Lab7/harness.sv Line: 8
    Info (15718): Pin "i_pc_rddata[7]" is virtual input pin File: E:/ECE342/Lab7/harness.sv Line: 8
    Info (15718): Pin "i_pc_rddata[6]" is virtual input pin File: E:/ECE342/Lab7/harness.sv Line: 8
    Info (15718): Pin "i_pc_rddata[10]" is virtual input pin File: E:/ECE342/Lab7/harness.sv Line: 8
    Info (15718): Pin "i_pc_rddata[9]" is virtual input pin File: E:/ECE342/Lab7/harness.sv Line: 8
    Info (15718): Pin "i_ldst_rddata[0]" is virtual input pin File: E:/ECE342/Lab7/harness.sv Line: 13
    Info (15718): Pin "i_pc_rddata[5]" is virtual input pin File: E:/ECE342/Lab7/harness.sv Line: 8
    Info (15718): Pin "i_ldst_rddata[1]" is virtual input pin File: E:/ECE342/Lab7/harness.sv Line: 13
    Info (15718): Pin "i_ldst_rddata[2]" is virtual input pin File: E:/ECE342/Lab7/harness.sv Line: 13
    Info (15718): Pin "i_ldst_rddata[3]" is virtual input pin File: E:/ECE342/Lab7/harness.sv Line: 13
    Info (15718): Pin "i_ldst_rddata[4]" is virtual input pin File: E:/ECE342/Lab7/harness.sv Line: 13
    Info (15718): Pin "i_ldst_rddata[5]" is virtual input pin File: E:/ECE342/Lab7/harness.sv Line: 13
    Info (15718): Pin "i_ldst_rddata[6]" is virtual input pin File: E:/ECE342/Lab7/harness.sv Line: 13
    Info (15718): Pin "i_ldst_rddata[7]" is virtual input pin File: E:/ECE342/Lab7/harness.sv Line: 13
    Info (15718): Pin "i_ldst_rddata[8]" is virtual input pin File: E:/ECE342/Lab7/harness.sv Line: 13
    Info (15718): Pin "i_ldst_rddata[9]" is virtual input pin File: E:/ECE342/Lab7/harness.sv Line: 13
    Info (15718): Pin "i_ldst_rddata[10]" is virtual input pin File: E:/ECE342/Lab7/harness.sv Line: 13
    Info (15718): Pin "i_ldst_rddata[11]" is virtual input pin File: E:/ECE342/Lab7/harness.sv Line: 13
    Info (15718): Pin "i_ldst_rddata[12]" is virtual input pin File: E:/ECE342/Lab7/harness.sv Line: 13
    Info (15718): Pin "i_ldst_rddata[13]" is virtual input pin File: E:/ECE342/Lab7/harness.sv Line: 13
    Info (15718): Pin "i_ldst_rddata[14]" is virtual input pin File: E:/ECE342/Lab7/harness.sv Line: 13
    Info (15718): Pin "i_ldst_rddata[15]" is virtual input pin File: E:/ECE342/Lab7/harness.sv Line: 13
    Info (15718): Pin "i_pc_rddata[8]" is virtual input pin File: E:/ECE342/Lab7/harness.sv Line: 8
    Info (15718): Pin "i_pc_rddata[4]" is virtual input pin File: E:/ECE342/Lab7/harness.sv Line: 8
    Info (15718): Pin "i_pc_rddata[11]" is virtual input pin File: E:/ECE342/Lab7/harness.sv Line: 8
    Info (15718): Pin "i_pc_rddata[12]" is virtual input pin File: E:/ECE342/Lab7/harness.sv Line: 8
    Info (15718): Pin "i_pc_rddata[13]" is virtual input pin File: E:/ECE342/Lab7/harness.sv Line: 8
    Info (15718): Pin "i_pc_rddata[14]" is virtual input pin File: E:/ECE342/Lab7/harness.sv Line: 8
    Info (15718): Pin "i_pc_rddata[15]" is virtual input pin File: E:/ECE342/Lab7/harness.sv Line: 8
Warning (15752): Ignored 81 Virtual Pin logic option assignments
    Warning (15720): Ignored Virtual Pin assignment to node "o_pc_addr[1]~reg0"
    Warning (15720): Ignored Virtual Pin assignment to node "o_pc_addr[2]~reg0"
    Warning (15720): Ignored Virtual Pin assignment to node "o_pc_addr[3]~reg0"
    Warning (15720): Ignored Virtual Pin assignment to node "o_pc_addr[4]~reg0"
    Warning (15720): Ignored Virtual Pin assignment to node "o_pc_addr[5]~reg0"
    Warning (15720): Ignored Virtual Pin assignment to node "o_pc_addr[6]~reg0"
    Warning (15720): Ignored Virtual Pin assignment to node "o_pc_addr[7]~reg0"
    Warning (15720): Ignored Virtual Pin assignment to node "o_pc_addr[8]~reg0"
    Warning (15720): Ignored Virtual Pin assignment to node "o_pc_addr[9]~reg0"
    Warning (15720): Ignored Virtual Pin assignment to node "o_pc_addr[10]~reg0"
    Warning (15720): Ignored Virtual Pin assignment to node "o_pc_addr[11]~reg0"
    Warning (15720): Ignored Virtual Pin assignment to node "o_pc_addr[12]~reg0"
    Warning (15720): Ignored Virtual Pin assignment to node "o_pc_addr[13]~reg0"
    Warning (15720): Ignored Virtual Pin assignment to node "o_pc_addr[14]~reg0"
    Warning (15720): Ignored Virtual Pin assignment to node "o_pc_addr[15]~reg0"
    Warning (15720): Ignored Virtual Pin assignment to node "o_ldst_addr[0]~reg0"
    Warning (15720): Ignored Virtual Pin assignment to node "o_ldst_addr[1]~reg0"
    Warning (15720): Ignored Virtual Pin assignment to node "o_ldst_addr[2]~reg0"
    Warning (15720): Ignored Virtual Pin assignment to node "o_ldst_addr[3]~reg0"
    Warning (15720): Ignored Virtual Pin assignment to node "o_ldst_addr[4]~reg0"
    Warning (15720): Ignored Virtual Pin assignment to node "o_ldst_addr[5]~reg0"
    Warning (15720): Ignored Virtual Pin assignment to node "o_ldst_addr[6]~reg0"
    Warning (15720): Ignored Virtual Pin assignment to node "o_ldst_addr[7]~reg0"
    Warning (15720): Ignored Virtual Pin assignment to node "o_ldst_addr[8]~reg0"
    Warning (15720): Ignored Virtual Pin assignment to node "o_ldst_addr[9]~reg0"
    Warning (15720): Ignored Virtual Pin assignment to node "o_ldst_addr[10]~reg0"
    Warning (15720): Ignored Virtual Pin assignment to node "o_ldst_addr[11]~reg0"
    Warning (15720): Ignored Virtual Pin assignment to node "o_ldst_addr[12]~reg0"
    Warning (15720): Ignored Virtual Pin assignment to node "o_ldst_addr[13]~reg0"
    Warning (15720): Ignored Virtual Pin assignment to node "o_ldst_addr[14]~reg0"
    Warning (15720): Ignored Virtual Pin assignment to node "o_ldst_addr[15]~reg0"
    Warning (15720): Ignored Virtual Pin assignment to node "o_ldst_rd~reg0"
    Warning (15720): Ignored Virtual Pin assignment to node "o_ldst_wr~reg0"
    Warning (15720): Ignored Virtual Pin assignment to node "o_ldst_wrdata[0]~reg0"
    Warning (15720): Ignored Virtual Pin assignment to node "o_ldst_wrdata[1]~reg0"
    Warning (15720): Ignored Virtual Pin assignment to node "o_ldst_wrdata[2]~reg0"
    Warning (15720): Ignored Virtual Pin assignment to node "o_ldst_wrdata[3]~reg0"
    Warning (15720): Ignored Virtual Pin assignment to node "o_ldst_wrdata[4]~reg0"
    Warning (15720): Ignored Virtual Pin assignment to node "o_ldst_wrdata[5]~reg0"
    Warning (15720): Ignored Virtual Pin assignment to node "o_ldst_wrdata[6]~reg0"
    Warning (15720): Ignored Virtual Pin assignment to node "o_ldst_wrdata[7]~reg0"
    Warning (15720): Ignored Virtual Pin assignment to node "o_ldst_wrdata[8]~reg0"
    Warning (15720): Ignored Virtual Pin assignment to node "o_ldst_wrdata[9]~reg0"
    Warning (15720): Ignored Virtual Pin assignment to node "o_ldst_wrdata[10]~reg0"
    Warning (15720): Ignored Virtual Pin assignment to node "o_ldst_wrdata[11]~reg0"
    Warning (15720): Ignored Virtual Pin assignment to node "o_ldst_wrdata[12]~reg0"
    Warning (15720): Ignored Virtual Pin assignment to node "o_ldst_wrdata[13]~reg0"
    Warning (15720): Ignored Virtual Pin assignment to node "o_ldst_wrdata[14]~reg0"
    Warning (15720): Ignored Virtual Pin assignment to node "o_ldst_wrdata[15]~reg0"
    Warning (15720): Ignored Virtual Pin assignment to node "i_pc_rddata_r[0]"
    Warning (15720): Ignored Virtual Pin assignment to node "i_pc_rddata_r[2]"
    Warning (15720): Ignored Virtual Pin assignment to node "i_pc_rddata_r[3]"
    Warning (15720): Ignored Virtual Pin assignment to node "i_pc_rddata_r[1]"
    Warning (15720): Ignored Virtual Pin assignment to node "i_pc_rddata_r[7]"
    Warning (15720): Ignored Virtual Pin assignment to node "i_pc_rddata_r[6]"
    Warning (15720): Ignored Virtual Pin assignment to node "i_pc_rddata_r[10]"
    Warning (15720): Ignored Virtual Pin assignment to node "i_pc_rddata_r[9]"
    Warning (15720): Ignored Virtual Pin assignment to node "i_ldst_rddata_r[0]"
    Warning (15720): Ignored Virtual Pin assignment to node "i_pc_rddata_r[5]"
    Warning (15720): Ignored Virtual Pin assignment to node "i_ldst_rddata_r[1]"
    Warning (15720): Ignored Virtual Pin assignment to node "i_ldst_rddata_r[2]"
    Warning (15720): Ignored Virtual Pin assignment to node "i_ldst_rddata_r[3]"
    Warning (15720): Ignored Virtual Pin assignment to node "i_ldst_rddata_r[4]"
    Warning (15720): Ignored Virtual Pin assignment to node "i_ldst_rddata_r[5]"
    Warning (15720): Ignored Virtual Pin assignment to node "i_ldst_rddata_r[6]"
    Warning (15720): Ignored Virtual Pin assignment to node "i_ldst_rddata_r[7]"
    Warning (15720): Ignored Virtual Pin assignment to node "i_ldst_rddata_r[8]"
    Warning (15720): Ignored Virtual Pin assignment to node "i_ldst_rddata_r[9]"
    Warning (15720): Ignored Virtual Pin assignment to node "i_ldst_rddata_r[10]"
    Warning (15720): Ignored Virtual Pin assignment to node "i_ldst_rddata_r[11]"
    Warning (15720): Ignored Virtual Pin assignment to node "i_ldst_rddata_r[12]"
    Warning (15720): Ignored Virtual Pin assignment to node "i_ldst_rddata_r[13]"
    Warning (15720): Ignored Virtual Pin assignment to node "i_ldst_rddata_r[14]"
    Warning (15720): Ignored Virtual Pin assignment to node "i_ldst_rddata_r[15]"
    Warning (15720): Ignored Virtual Pin assignment to node "i_pc_rddata_r[8]"
    Warning (15720): Ignored Virtual Pin assignment to node "i_pc_rddata_r[4]"
    Warning (15720): Ignored Virtual Pin assignment to node "i_pc_rddata_r[11]"
    Warning (15720): Ignored Virtual Pin assignment to node "i_pc_rddata_r[12]"
    Warning (15720): Ignored Virtual Pin assignment to node "i_pc_rddata_r[13]"
    Warning (15720): Ignored Virtual Pin assignment to node "i_pc_rddata_r[14]"
    Warning (15720): Ignored Virtual Pin assignment to node "i_pc_rddata_r[15]"
Info (21057): Implemented 525 device resources after synthesis - the final resource count might be different
    Info (21058): Implemented 2 input pins
    Info (21059): Implemented 0 output pins
    Info (21061): Implemented 523 logic cells
Info: Quartus Prime Analysis & Synthesis was successful. 0 errors, 94 warnings
    Info: Peak virtual memory: 4840 megabytes
    Info: Processing ended: Mon Mar 23 22:39:21 2020
    Info: Elapsed time: 00:00:18
    Info: Total CPU time (on all processors): 00:00:27


