Analysis & Synthesis report for de1soc
Sun Mar 08 17:17:55 2020
Quartus Prime Version 18.0.0 Build 614 04/24/2018 SJ Lite Edition


---------------------
; Table of Contents ;
---------------------
  1. Legal Notice
  2. Analysis & Synthesis Summary
  3. Analysis & Synthesis Settings
  4. Parallel Compilation
  5. Analysis & Synthesis Source Files Read
  6. Analysis & Synthesis Resource Usage Summary
  7. Analysis & Synthesis Resource Utilization by Entity
  8. Analysis & Synthesis RAM Summary
  9. Registers Removed During Synthesis
 10. General Register Statistics
 11. Registers Packed Into Inferred Megafunctions
 12. Multiplexer Restructuring Statistics (No Restructuring Performed)
 13. Source assignments for mem4k:mem|altsyncram:mem_rtl_0|altsyncram_igr1:auto_generated
 14. Parameter Settings for User Entity Instance: reg_n:switches
 15. Parameter Settings for User Entity Instance: reg_n:leds
 16. Parameter Settings for User Entity Instance: cpu:proc|cpu_datapath:datapath|reg_n_h:reg_inst[0].gen_reg_i
 17. Parameter Settings for User Entity Instance: cpu:proc|cpu_datapath:datapath|reg_n_h:reg_inst[1].gen_reg_i
 18. Parameter Settings for User Entity Instance: cpu:proc|cpu_datapath:datapath|reg_n_h:reg_inst[2].gen_reg_i
 19. Parameter Settings for User Entity Instance: cpu:proc|cpu_datapath:datapath|reg_n_h:reg_inst[3].gen_reg_i
 20. Parameter Settings for User Entity Instance: cpu:proc|cpu_datapath:datapath|reg_n_h:reg_inst[4].gen_reg_i
 21. Parameter Settings for User Entity Instance: cpu:proc|cpu_datapath:datapath|reg_n_h:reg_inst[5].gen_reg_i
 22. Parameter Settings for User Entity Instance: cpu:proc|cpu_datapath:datapath|reg_n_h:reg_inst[6].gen_reg_i
 23. Parameter Settings for User Entity Instance: cpu:proc|cpu_datapath:datapath|reg_n_h:reg_inst[7].gen_reg_i
 24. Parameter Settings for User Entity Instance: cpu:proc|cpu_datapath:datapath|program_counter:pc
 25. Parameter Settings for User Entity Instance: cpu:proc|cpu_datapath:datapath|reg_n:regA
 26. Parameter Settings for User Entity Instance: cpu:proc|cpu_datapath:datapath|reg_n:regS
 27. Parameter Settings for User Entity Instance: cpu:proc|cpu_datapath:datapath|reg_n:regZ
 28. Parameter Settings for User Entity Instance: cpu:proc|cpu_datapath:datapath|reg_n:regN
 29. Parameter Settings for User Entity Instance: cpu:proc|cpu_datapath:datapath|reg_n:regI
 30. Parameter Settings for User Entity Instance: cpu:proc|cpu_datapath:datapath|reg_n:regAddr
 31. Parameter Settings for User Entity Instance: cpu:proc|cpu_datapath:datapath|reg_n:regWd
 32. Parameter Settings for User Entity Instance: mem4k:mem
 33. Parameter Settings for Inferred Entity Instance: mem4k:mem|altsyncram:mem_rtl_0
 34. Parameter Settings for Inferred Entity Instance: cpu:proc|cpu_control:control|lpm_divide:Mod0
 35. altsyncram Parameter Settings by Entity Instance
 36. Port Connectivity Checks: "mem4k:mem"
 37. Port Connectivity Checks: "cpu:proc"
 38. Port Connectivity Checks: "reg_n:switches"
 39. Post-Synthesis Netlist Statistics for Top Partition
 40. Elapsed Time Per Partition
 41. Analysis & Synthesis Messages
 42. Analysis & Synthesis Suppressed Messages



----------------
; Legal Notice ;
----------------
Copyright (C) 2018  Intel Corporation. All rights reserved.
Your use of Intel Corporation's design tools, logic functions 
and other software and tools, and its AMPP partner logic 
functions, and any output files from any of the foregoing 
(including device programming or simulation files), and any 
associated documentation or information are expressly subject 
to the terms and conditions of the Intel Program License 
Subscription Agreement, the Intel Quartus Prime License Agreement,
the Intel FPGA IP License Agreement, or other applicable license
agreement, including, without limitation, that your use is for
the sole purpose of programming logic devices manufactured by
Intel and sold by Intel or its authorized distributors.  Please
refer to the applicable agreement for further details.



+-------------------------------------------------------------------------------+
; Analysis & Synthesis Summary                                                  ;
+---------------------------------+---------------------------------------------+
; Analysis & Synthesis Status     ; Successful - Sun Mar 08 17:17:55 2020       ;
; Quartus Prime Version           ; 18.0.0 Build 614 04/24/2018 SJ Lite Edition ;
; Revision Name                   ; de1soc                                      ;
; Top-level Entity Name           ; de1soc_top                                  ;
; Family                          ; Cyclone V                                   ;
; Logic utilization (in ALMs)     ; N/A                                         ;
; Total registers                 ; 235                                         ;
; Total pins                      ; 96                                          ;
; Total virtual pins              ; 0                                           ;
; Total block memory bits         ; 16,384                                      ;
; Total DSP Blocks                ; 0                                           ;
; Total HSSI RX PCSs              ; 0                                           ;
; Total HSSI PMA RX Deserializers ; 0                                           ;
; Total HSSI TX PCSs              ; 0                                           ;
; Total HSSI PMA TX Serializers   ; 0                                           ;
; Total PLLs                      ; 0                                           ;
; Total DLLs                      ; 0                                           ;
+---------------------------------+---------------------------------------------+


+---------------------------------------------------------------------------------------------------------------------------+
; Analysis & Synthesis Settings                                                                                             ;
+---------------------------------------------------------------------------------+--------------------+--------------------+
; Option                                                                          ; Setting            ; Default Value      ;
+---------------------------------------------------------------------------------+--------------------+--------------------+
; Device                                                                          ; 5CSEMA5F31C6       ;                    ;
; Top-level entity name                                                           ; de1soc_top         ; de1soc             ;
; Family name                                                                     ; Cyclone V          ; Cyclone V          ;
; Restructure Multiplexers                                                        ; Off                ; Auto               ;
; Optimization Technique                                                          ; Speed              ; Balanced           ;
; Use smart compilation                                                           ; Off                ; Off                ;
; Enable parallel Assembler and Timing Analyzer during compilation                ; On                 ; On                 ;
; Enable compact report table                                                     ; Off                ; Off                ;
; MLAB Add Timing Constraints For Mixed-Port Feed-Through Mode Setting Don't Care ; Off                ; Off                ;
; Create Debugging Nodes for IP Cores                                             ; Off                ; Off                ;
; Preserve fewer node names                                                       ; On                 ; On                 ;
; Intel FPGA IP Evaluation Mode                                                   ; Enable             ; Enable             ;
; Verilog Version                                                                 ; Verilog_2001       ; Verilog_2001       ;
; VHDL Version                                                                    ; VHDL_1993          ; VHDL_1993          ;
; State Machine Processing                                                        ; Auto               ; Auto               ;
; Safe State Machine                                                              ; Off                ; Off                ;
; Extract Verilog State Machines                                                  ; On                 ; On                 ;
; Extract VHDL State Machines                                                     ; On                 ; On                 ;
; Ignore Verilog initial constructs                                               ; Off                ; Off                ;
; Iteration limit for constant Verilog loops                                      ; 5000               ; 5000               ;
; Iteration limit for non-constant Verilog loops                                  ; 250                ; 250                ;
; Add Pass-Through Logic to Inferred RAMs                                         ; On                 ; On                 ;
; Infer RAMs from Raw Logic                                                       ; On                 ; On                 ;
; Parallel Synthesis                                                              ; On                 ; On                 ;
; DSP Block Balancing                                                             ; Auto               ; Auto               ;
; NOT Gate Push-Back                                                              ; On                 ; On                 ;
; Power-Up Don't Care                                                             ; On                 ; On                 ;
; Remove Redundant Logic Cells                                                    ; Off                ; Off                ;
; Remove Duplicate Registers                                                      ; On                 ; On                 ;
; Ignore CARRY Buffers                                                            ; Off                ; Off                ;
; Ignore CASCADE Buffers                                                          ; Off                ; Off                ;
; Ignore GLOBAL Buffers                                                           ; Off                ; Off                ;
; Ignore ROW GLOBAL Buffers                                                       ; Off                ; Off                ;
; Ignore LCELL Buffers                                                            ; Off                ; Off                ;
; Ignore SOFT Buffers                                                             ; On                 ; On                 ;
; Limit AHDL Integers to 32 Bits                                                  ; Off                ; Off                ;
; Carry Chain Length                                                              ; 70                 ; 70                 ;
; Auto Carry Chains                                                               ; On                 ; On                 ;
; Auto Open-Drain Pins                                                            ; On                 ; On                 ;
; Perform WYSIWYG Primitive Resynthesis                                           ; Off                ; Off                ;
; Auto ROM Replacement                                                            ; On                 ; On                 ;
; Auto RAM Replacement                                                            ; On                 ; On                 ;
; Auto DSP Block Replacement                                                      ; On                 ; On                 ;
; Auto Shift Register Replacement                                                 ; Auto               ; Auto               ;
; Allow Shift Register Merging across Hierarchies                                 ; Auto               ; Auto               ;
; Auto Clock Enable Replacement                                                   ; On                 ; On                 ;
; Strict RAM Replacement                                                          ; Off                ; Off                ;
; Allow Synchronous Control Signals                                               ; On                 ; On                 ;
; Force Use of Synchronous Clear Signals                                          ; Off                ; Off                ;
; Auto Resource Sharing                                                           ; Off                ; Off                ;
; Allow Any RAM Size For Recognition                                              ; Off                ; Off                ;
; Allow Any ROM Size For Recognition                                              ; Off                ; Off                ;
; Allow Any Shift Register Size For Recognition                                   ; Off                ; Off                ;
; Use LogicLock Constraints during Resource Balancing                             ; On                 ; On                 ;
; Ignore translate_off and synthesis_off directives                               ; Off                ; Off                ;
; Timing-Driven Synthesis                                                         ; On                 ; On                 ;
; Report Parameter Settings                                                       ; On                 ; On                 ;
; Report Source Assignments                                                       ; On                 ; On                 ;
; Report Connectivity Checks                                                      ; On                 ; On                 ;
; Ignore Maximum Fan-Out Assignments                                              ; Off                ; Off                ;
; Synchronization Register Chain Length                                           ; 3                  ; 3                  ;
; Power Optimization During Synthesis                                             ; Normal compilation ; Normal compilation ;
; HDL message level                                                               ; Level2             ; Level2             ;
; Suppress Register Optimization Related Messages                                 ; Off                ; Off                ;
; Number of Removed Registers Reported in Synthesis Report                        ; 5000               ; 5000               ;
; Number of Swept Nodes Reported in Synthesis Report                              ; 5000               ; 5000               ;
; Number of Inverted Registers Reported in Synthesis Report                       ; 100                ; 100                ;
; Clock MUX Protection                                                            ; On                 ; On                 ;
; Auto Gated Clock Conversion                                                     ; Off                ; Off                ;
; Block Design Naming                                                             ; Auto               ; Auto               ;
; SDC constraint protection                                                       ; Off                ; Off                ;
; Synthesis Effort                                                                ; Auto               ; Auto               ;
; Shift Register Replacement - Allow Asynchronous Clear Signal                    ; On                 ; On                 ;
; Pre-Mapping Resynthesis Optimization                                            ; Off                ; Off                ;
; Analysis & Synthesis Message Level                                              ; Medium             ; Medium             ;
; Disable Register Merging Across Hierarchies                                     ; Auto               ; Auto               ;
; Resource Aware Inference For Block RAM                                          ; On                 ; On                 ;
; Automatic Parallel Synthesis                                                    ; On                 ; On                 ;
; Partial Reconfiguration Bitstream ID                                            ; Off                ; Off                ;
+---------------------------------------------------------------------------------+--------------------+--------------------+


+------------------------------------------+
; Parallel Compilation                     ;
+----------------------------+-------------+
; Processors                 ; Number      ;
+----------------------------+-------------+
; Number detected on machine ; 8           ;
; Maximum allowed            ; 4           ;
;                            ;             ;
; Average used               ; 1.00        ;
; Maximum used               ; 4           ;
;                            ;             ;
; Usage by Processor         ; % Time Used ;
;     Processor 1            ; 100.0%      ;
;     Processors 2-4         ;   0.0%      ;
+----------------------------+-------------+


+---------------------------------------------------------------------------------------------------------------------------------------------------------------------------------------------------------+
; Analysis & Synthesis Source Files Read                                                                                                                                                                  ;
+--------------------------------------+-----------------+-------------------------------------------------------+------------------------------------------------------------------------------+---------+
; File Name with User-Entered Path     ; Used in Netlist ; File Type                                             ; File Name with Absolute Path                                                 ; Library ;
+--------------------------------------+-----------------+-------------------------------------------------------+------------------------------------------------------------------------------+---------+
; reg_n.sv                             ; yes             ; User SystemVerilog HDL File                           ; E:/ECE342/lab6/part1/reg_n.sv                                                ;         ;
; program_counter.sv                   ; yes             ; User SystemVerilog HDL File                           ; E:/ECE342/lab6/part1/program_counter.sv                                      ;         ;
; mem4k.sv                             ; yes             ; User SystemVerilog HDL File                           ; E:/ECE342/lab6/part1/mem4k.sv                                                ;         ;
; cpu_datapath.sv                      ; yes             ; User SystemVerilog HDL File                           ; E:/ECE342/lab6/part1/cpu_datapath.sv                                         ;         ;
; cpu_control.sv                       ; yes             ; User SystemVerilog HDL File                           ; E:/ECE342/lab6/part1/cpu_control.sv                                          ;         ;
; cpu.sv                               ; yes             ; User SystemVerilog HDL File                           ; E:/ECE342/lab6/part1/cpu.sv                                                  ;         ;
; de1soc_top.sv                        ; yes             ; User SystemVerilog HDL File                           ; E:/ECE342/lab6/part1/de1soc_top.sv                                           ;         ;
; altsyncram.tdf                       ; yes             ; Megafunction                                          ; c:/intelfpga_lite/18.0/quartus/libraries/megafunctions/altsyncram.tdf        ;         ;
; stratix_ram_block.inc                ; yes             ; Megafunction                                          ; c:/intelfpga_lite/18.0/quartus/libraries/megafunctions/stratix_ram_block.inc ;         ;
; lpm_mux.inc                          ; yes             ; Megafunction                                          ; c:/intelfpga_lite/18.0/quartus/libraries/megafunctions/lpm_mux.inc           ;         ;
; lpm_decode.inc                       ; yes             ; Megafunction                                          ; c:/intelfpga_lite/18.0/quartus/libraries/megafunctions/lpm_decode.inc        ;         ;
; aglobal180.inc                       ; yes             ; Megafunction                                          ; c:/intelfpga_lite/18.0/quartus/libraries/megafunctions/aglobal180.inc        ;         ;
; a_rdenreg.inc                        ; yes             ; Megafunction                                          ; c:/intelfpga_lite/18.0/quartus/libraries/megafunctions/a_rdenreg.inc         ;         ;
; altrom.inc                           ; yes             ; Megafunction                                          ; c:/intelfpga_lite/18.0/quartus/libraries/megafunctions/altrom.inc            ;         ;
; altram.inc                           ; yes             ; Megafunction                                          ; c:/intelfpga_lite/18.0/quartus/libraries/megafunctions/altram.inc            ;         ;
; altdpram.inc                         ; yes             ; Megafunction                                          ; c:/intelfpga_lite/18.0/quartus/libraries/megafunctions/altdpram.inc          ;         ;
; db/altsyncram_igr1.tdf               ; yes             ; Auto-Generated Megafunction                           ; E:/ECE342/lab6/part1/db/altsyncram_igr1.tdf                                  ;         ;
; db/de1soc.ram0_mem4k_70ac2d1.hdl.mif ; yes             ; Auto-Generated Auto-Found Memory Initialization File  ; E:/ECE342/lab6/part1/db/de1soc.ram0_mem4k_70ac2d1.hdl.mif                    ;         ;
; lpm_divide.tdf                       ; yes             ; Megafunction                                          ; c:/intelfpga_lite/18.0/quartus/libraries/megafunctions/lpm_divide.tdf        ;         ;
; abs_divider.inc                      ; yes             ; Megafunction                                          ; c:/intelfpga_lite/18.0/quartus/libraries/megafunctions/abs_divider.inc       ;         ;
; sign_div_unsign.inc                  ; yes             ; Megafunction                                          ; c:/intelfpga_lite/18.0/quartus/libraries/megafunctions/sign_div_unsign.inc   ;         ;
; db/lpm_divide_tfo.tdf                ; yes             ; Auto-Generated Megafunction                           ; E:/ECE342/lab6/part1/db/lpm_divide_tfo.tdf                                   ;         ;
; db/abs_divider_3ag.tdf               ; yes             ; Auto-Generated Megafunction                           ; E:/ECE342/lab6/part1/db/abs_divider_3ag.tdf                                  ;         ;
; db/alt_u_div_mse.tdf                 ; yes             ; Auto-Generated Megafunction                           ; E:/ECE342/lab6/part1/db/alt_u_div_mse.tdf                                    ;         ;
; db/lpm_abs_jn9.tdf                   ; yes             ; Auto-Generated Megafunction                           ; E:/ECE342/lab6/part1/db/lpm_abs_jn9.tdf                                      ;         ;
; db/lpm_abs_kn9.tdf                   ; yes             ; Auto-Generated Megafunction                           ; E:/ECE342/lab6/part1/db/lpm_abs_kn9.tdf                                      ;         ;
+--------------------------------------+-----------------+-------------------------------------------------------+------------------------------------------------------------------------------+---------+


+--------------------------------------------------------------+
; Analysis & Synthesis Resource Usage Summary                  ;
+---------------------------------------------+----------------+
; Resource                                    ; Usage          ;
+---------------------------------------------+----------------+
; Estimate of Logic utilization (ALMs needed) ; 228            ;
;                                             ;                ;
; Combinational ALUT usage for logic          ; 295            ;
;     -- 7 input functions                    ; 65             ;
;     -- 6 input functions                    ; 53             ;
;     -- 5 input functions                    ; 42             ;
;     -- 4 input functions                    ; 22             ;
;     -- <=3 input functions                  ; 113            ;
;                                             ;                ;
; Dedicated logic registers                   ; 235            ;
;                                             ;                ;
; I/O pins                                    ; 96             ;
; Total MLAB memory bits                      ; 0              ;
; Total block memory bits                     ; 16384          ;
;                                             ;                ;
; Total DSP Blocks                            ; 0              ;
;                                             ;                ;
; Maximum fan-out node                        ; CLOCK_50~input ;
; Maximum fan-out                             ; 251            ;
; Total fan-out                               ; 2377           ;
; Average fan-out                             ; 3.22           ;
+---------------------------------------------+----------------+


+------------------------------------------------------------------------------------------------------------------------------------------------------------------------------------------------------------------------------------------------------------------------------------------------------------------------------+
; Analysis & Synthesis Resource Utilization by Entity                                                                                                                                                                                                                                                                          ;
+---------------------------------------------+---------------------+---------------------------+-------------------+------------+------+--------------+--------------------------------------------------------------------------------------------------------------------------------------+-----------------+--------------+
; Compilation Hierarchy Node                  ; Combinational ALUTs ; Dedicated Logic Registers ; Block Memory Bits ; DSP Blocks ; Pins ; Virtual Pins ; Full Hierarchy Name                                                                                                                  ; Entity Name     ; Library Name ;
+---------------------------------------------+---------------------+---------------------------+-------------------+------------+------+--------------+--------------------------------------------------------------------------------------------------------------------------------------+-----------------+--------------+
; |de1soc_top                                 ; 295 (20)            ; 235 (0)                   ; 16384             ; 0          ; 96   ; 0            ; |de1soc_top                                                                                                                          ; de1soc_top      ; work         ;
;    |cpu:proc|                               ; 275 (0)             ; 219 (0)                   ; 0                 ; 0          ; 0    ; 0            ; |de1soc_top|cpu:proc                                                                                                                 ; cpu             ; work         ;
;       |cpu_control:control|                 ; 73 (64)             ; 3 (3)                     ; 0                 ; 0          ; 0    ; 0            ; |de1soc_top|cpu:proc|cpu_control:control                                                                                             ; cpu_control     ; work         ;
;          |lpm_divide:Mod0|                  ; 9 (0)               ; 0 (0)                     ; 0                 ; 0          ; 0    ; 0            ; |de1soc_top|cpu:proc|cpu_control:control|lpm_divide:Mod0                                                                             ; lpm_divide      ; work         ;
;             |lpm_divide_tfo:auto_generated| ; 9 (0)               ; 0 (0)                     ; 0                 ; 0          ; 0    ; 0            ; |de1soc_top|cpu:proc|cpu_control:control|lpm_divide:Mod0|lpm_divide_tfo:auto_generated                                               ; lpm_divide_tfo  ; work         ;
;                |abs_divider_3ag:divider|    ; 9 (0)               ; 0 (0)                     ; 0                 ; 0          ; 0    ; 0            ; |de1soc_top|cpu:proc|cpu_control:control|lpm_divide:Mod0|lpm_divide_tfo:auto_generated|abs_divider_3ag:divider                       ; abs_divider_3ag ; work         ;
;                   |alt_u_div_mse:divider|   ; 9 (9)               ; 0 (0)                     ; 0                 ; 0          ; 0    ; 0            ; |de1soc_top|cpu:proc|cpu_control:control|lpm_divide:Mod0|lpm_divide_tfo:auto_generated|abs_divider_3ag:divider|alt_u_div_mse:divider ; alt_u_div_mse   ; work         ;
;       |cpu_datapath:datapath|               ; 202 (140)           ; 216 (0)                   ; 0                 ; 0          ; 0    ; 0            ; |de1soc_top|cpu:proc|cpu_datapath:datapath                                                                                           ; cpu_datapath    ; work         ;
;          |program_counter:pc|               ; 46 (46)             ; 16 (16)                   ; 0                 ; 0          ; 0    ; 0            ; |de1soc_top|cpu:proc|cpu_datapath:datapath|program_counter:pc                                                                        ; program_counter ; work         ;
;          |reg_n:regAddr|                    ; 0 (0)               ; 14 (14)                   ; 0                 ; 0          ; 0    ; 0            ; |de1soc_top|cpu:proc|cpu_datapath:datapath|reg_n:regAddr                                                                             ; reg_n           ; work         ;
;          |reg_n:regA|                       ; 0 (0)               ; 16 (16)                   ; 0                 ; 0          ; 0    ; 0            ; |de1soc_top|cpu:proc|cpu_datapath:datapath|reg_n:regA                                                                                ; reg_n           ; work         ;
;          |reg_n:regI|                       ; 0 (0)               ; 16 (16)                   ; 0                 ; 0          ; 0    ; 0            ; |de1soc_top|cpu:proc|cpu_datapath:datapath|reg_n:regI                                                                                ; reg_n           ; work         ;
;          |reg_n:regN|                       ; 0 (0)               ; 1 (1)                     ; 0                 ; 0          ; 0    ; 0            ; |de1soc_top|cpu:proc|cpu_datapath:datapath|reg_n:regN                                                                                ; reg_n           ; work         ;
;          |reg_n:regS|                       ; 0 (0)               ; 16 (16)                   ; 0                 ; 0          ; 0    ; 0            ; |de1soc_top|cpu:proc|cpu_datapath:datapath|reg_n:regS                                                                                ; reg_n           ; work         ;
;          |reg_n:regWd|                      ; 0 (0)               ; 8 (8)                     ; 0                 ; 0          ; 0    ; 0            ; |de1soc_top|cpu:proc|cpu_datapath:datapath|reg_n:regWd                                                                               ; reg_n           ; work         ;
;          |reg_n:regZ|                       ; 0 (0)               ; 1 (1)                     ; 0                 ; 0          ; 0    ; 0            ; |de1soc_top|cpu:proc|cpu_datapath:datapath|reg_n:regZ                                                                                ; reg_n           ; work         ;
;          |reg_n_h:reg_inst[0].gen_reg_i|    ; 1 (1)               ; 16 (16)                   ; 0                 ; 0          ; 0    ; 0            ; |de1soc_top|cpu:proc|cpu_datapath:datapath|reg_n_h:reg_inst[0].gen_reg_i                                                             ; reg_n_h         ; work         ;
;          |reg_n_h:reg_inst[1].gen_reg_i|    ; 1 (1)               ; 16 (16)                   ; 0                 ; 0          ; 0    ; 0            ; |de1soc_top|cpu:proc|cpu_datapath:datapath|reg_n_h:reg_inst[1].gen_reg_i                                                             ; reg_n_h         ; work         ;
;          |reg_n_h:reg_inst[2].gen_reg_i|    ; 1 (1)               ; 16 (16)                   ; 0                 ; 0          ; 0    ; 0            ; |de1soc_top|cpu:proc|cpu_datapath:datapath|reg_n_h:reg_inst[2].gen_reg_i                                                             ; reg_n_h         ; work         ;
;          |reg_n_h:reg_inst[3].gen_reg_i|    ; 1 (1)               ; 16 (16)                   ; 0                 ; 0          ; 0    ; 0            ; |de1soc_top|cpu:proc|cpu_datapath:datapath|reg_n_h:reg_inst[3].gen_reg_i                                                             ; reg_n_h         ; work         ;
;          |reg_n_h:reg_inst[4].gen_reg_i|    ; 1 (1)               ; 16 (16)                   ; 0                 ; 0          ; 0    ; 0            ; |de1soc_top|cpu:proc|cpu_datapath:datapath|reg_n_h:reg_inst[4].gen_reg_i                                                             ; reg_n_h         ; work         ;
;          |reg_n_h:reg_inst[5].gen_reg_i|    ; 1 (1)               ; 16 (16)                   ; 0                 ; 0          ; 0    ; 0            ; |de1soc_top|cpu:proc|cpu_datapath:datapath|reg_n_h:reg_inst[5].gen_reg_i                                                             ; reg_n_h         ; work         ;
;          |reg_n_h:reg_inst[6].gen_reg_i|    ; 1 (1)               ; 16 (16)                   ; 0                 ; 0          ; 0    ; 0            ; |de1soc_top|cpu:proc|cpu_datapath:datapath|reg_n_h:reg_inst[6].gen_reg_i                                                             ; reg_n_h         ; work         ;
;          |reg_n_h:reg_inst[7].gen_reg_i|    ; 9 (9)               ; 16 (16)                   ; 0                 ; 0          ; 0    ; 0            ; |de1soc_top|cpu:proc|cpu_datapath:datapath|reg_n_h:reg_inst[7].gen_reg_i                                                             ; reg_n_h         ; work         ;
;    |mem4k:mem|                              ; 0 (0)               ; 0 (0)                     ; 16384             ; 0          ; 0    ; 0            ; |de1soc_top|mem4k:mem                                                                                                                ; mem4k           ; work         ;
;       |altsyncram:mem_rtl_0|                ; 0 (0)               ; 0 (0)                     ; 16384             ; 0          ; 0    ; 0            ; |de1soc_top|mem4k:mem|altsyncram:mem_rtl_0                                                                                           ; altsyncram      ; work         ;
;          |altsyncram_igr1:auto_generated|   ; 0 (0)               ; 0 (0)                     ; 16384             ; 0          ; 0    ; 0            ; |de1soc_top|mem4k:mem|altsyncram:mem_rtl_0|altsyncram_igr1:auto_generated                                                            ; altsyncram_igr1 ; work         ;
;    |reg_n:leds|                             ; 0 (0)               ; 8 (8)                     ; 0                 ; 0          ; 0    ; 0            ; |de1soc_top|reg_n:leds                                                                                                               ; reg_n           ; work         ;
;    |reg_n:switches|                         ; 0 (0)               ; 8 (8)                     ; 0                 ; 0          ; 0    ; 0            ; |de1soc_top|reg_n:switches                                                                                                           ; reg_n           ; work         ;
+---------------------------------------------+---------------------+---------------------------+-------------------+------------+------+--------------+--------------------------------------------------------------------------------------------------------------------------------------+-----------------+--------------+
Note: For table entries with two numbers listed, the numbers in parentheses indicate the number of resources of the given type used by the specific entity alone. The numbers listed outside of parentheses indicate the total resources of the given type used by the specific entity and all of its sub-entities in the hierarchy.


+---------------------------------------------------------------------------------------------------------------------------------------------------------------------------------------------------------------+
; Analysis & Synthesis RAM Summary                                                                                                                                                                              ;
+--------------------------------------------------------------------------+------+------------------+--------------+--------------+--------------+--------------+-------+--------------------------------------+
; Name                                                                     ; Type ; Mode             ; Port A Depth ; Port A Width ; Port B Depth ; Port B Width ; Size  ; MIF                                  ;
+--------------------------------------------------------------------------+------+------------------+--------------+--------------+--------------+--------------+-------+--------------------------------------+
; mem4k:mem|altsyncram:mem_rtl_0|altsyncram_igr1:auto_generated|ALTSYNCRAM ; AUTO ; Simple Dual Port ; 2048         ; 16           ; 2048         ; 16           ; 32768 ; db/de1soc.ram0_mem4k_70ac2d1.hdl.mif ;
+--------------------------------------------------------------------------+------+------------------+--------------+--------------+--------------+--------------+-------+--------------------------------------+


+----------------------------------------------------------------------------------------------------+
; Registers Removed During Synthesis                                                                 ;
+-----------------------------------------------------------+----------------------------------------+
; Register name                                             ; Reason for Removal                     ;
+-----------------------------------------------------------+----------------------------------------+
; cpu:proc|cpu_control:control|state[3..31]                 ; Stuck at GND due to stuck port data_in ;
; cpu:proc|cpu_datapath:datapath|reg_n:regAddr|o_data[0,11] ; Lost fanout                            ;
; Total Number of Removed Registers = 31                    ;                                        ;
+-----------------------------------------------------------+----------------------------------------+


+------------------------------------------------------+
; General Register Statistics                          ;
+----------------------------------------------+-------+
; Statistic                                    ; Value ;
+----------------------------------------------+-------+
; Total registers                              ; 235   ;
; Number of registers using Synchronous Clear  ; 1     ;
; Number of registers using Synchronous Load   ; 0     ;
; Number of registers using Asynchronous Clear ; 3     ;
; Number of registers using Asynchronous Load  ; 0     ;
; Number of registers using Clock Enable       ; 208   ;
; Number of registers using Preset             ; 0     ;
+----------------------------------------------+-------+


+------------------------------------------------------+
; Registers Packed Into Inferred Megafunctions         ;
+-------------------------+---------------------+------+
; Register Name           ; Megafunction        ; Type ;
+-------------------------+---------------------+------+
; mem4k:mem|rddata[0..15] ; mem4k:mem|mem_rtl_0 ; RAM  ;
+-------------------------+---------------------+------+


+---------------------------------------------------------------------------------------------------------------------------------------------------------------------------------------+
; Multiplexer Restructuring Statistics (No Restructuring Performed)                                                                                                                     ;
+--------------------+-----------+---------------+----------------------+------------------------+------------+-------------------------------------------------------------------------+
; Multiplexer Inputs ; Bus Width ; Baseline Area ; Area if Restructured ; Saving if Restructured ; Registered ; Example Multiplexer Output                                              ;
+--------------------+-----------+---------------+----------------------+------------------------+------------+-------------------------------------------------------------------------+
; 4:1                ; 15 bits   ; 30 LEs        ; 0 LEs                ; 30 LEs                 ; Yes        ; |de1soc_top|cpu:proc|cpu_datapath:datapath|program_counter:pc|o_data[9] ;
; 16:1               ; 8 bits    ; 80 LEs        ; 32 LEs               ; 48 LEs                 ; No         ; |de1soc_top|cpu:proc|cpu_control:control|Mux21                          ;
; 17:1               ; 8 bits    ; 88 LEs        ; 40 LEs               ; 48 LEs                 ; No         ; |de1soc_top|cpu:proc|cpu_control:control|Mux7                           ;
; 22:1               ; 5 bits    ; 70 LEs        ; 40 LEs               ; 30 LEs                 ; No         ; |de1soc_top|cpu:proc|cpu_datapath:datapath|Mux33                        ;
; 22:1               ; 10 bits   ; 140 LEs       ; 80 LEs               ; 60 LEs                 ; No         ; |de1soc_top|cpu:proc|cpu_datapath:datapath|Mux38                        ;
+--------------------+-----------+---------------+----------------------+------------------------+------------+-------------------------------------------------------------------------+


+--------------------------------------------------------------------------------------+
; Source assignments for mem4k:mem|altsyncram:mem_rtl_0|altsyncram_igr1:auto_generated ;
+---------------------------------+--------------------+------+------------------------+
; Assignment                      ; Value              ; From ; To                     ;
+---------------------------------+--------------------+------+------------------------+
; OPTIMIZE_POWER_DURING_SYNTHESIS ; NORMAL_COMPILATION ; -    ; -                      ;
+---------------------------------+--------------------+------+------------------------+


+-------------------------------------------------------------+
; Parameter Settings for User Entity Instance: reg_n:switches ;
+----------------+-------+------------------------------------+
; Parameter Name ; Value ; Type                               ;
+----------------+-------+------------------------------------+
; n              ; 8     ; Signed Integer                     ;
+----------------+-------+------------------------------------+
Note: In order to hide this table in the UI and the text report file, please set the "Show Parameter Settings in Synthesis Report" option in "Analysis and Synthesis Settings -> More Settings" to "Off".


+---------------------------------------------------------+
; Parameter Settings for User Entity Instance: reg_n:leds ;
+----------------+-------+--------------------------------+
; Parameter Name ; Value ; Type                           ;
+----------------+-------+--------------------------------+
; n              ; 8     ; Signed Integer                 ;
+----------------+-------+--------------------------------+
Note: In order to hide this table in the UI and the text report file, please set the "Show Parameter Settings in Synthesis Report" option in "Analysis and Synthesis Settings -> More Settings" to "Off".


+-----------------------------------------------------------------------------------------------------------+
; Parameter Settings for User Entity Instance: cpu:proc|cpu_datapath:datapath|reg_n_h:reg_inst[0].gen_reg_i ;
+----------------+-------+----------------------------------------------------------------------------------+
; Parameter Name ; Value ; Type                                                                             ;
+----------------+-------+----------------------------------------------------------------------------------+
; n              ; 16    ; Signed Integer                                                                   ;
+----------------+-------+----------------------------------------------------------------------------------+
Note: In order to hide this table in the UI and the text report file, please set the "Show Parameter Settings in Synthesis Report" option in "Analysis and Synthesis Settings -> More Settings" to "Off".


+-----------------------------------------------------------------------------------------------------------+
; Parameter Settings for User Entity Instance: cpu:proc|cpu_datapath:datapath|reg_n_h:reg_inst[1].gen_reg_i ;
+----------------+-------+----------------------------------------------------------------------------------+
; Parameter Name ; Value ; Type                                                                             ;
+----------------+-------+----------------------------------------------------------------------------------+
; n              ; 16    ; Signed Integer                                                                   ;
+----------------+-------+----------------------------------------------------------------------------------+
Note: In order to hide this table in the UI and the text report file, please set the "Show Parameter Settings in Synthesis Report" option in "Analysis and Synthesis Settings -> More Settings" to "Off".


+-----------------------------------------------------------------------------------------------------------+
; Parameter Settings for User Entity Instance: cpu:proc|cpu_datapath:datapath|reg_n_h:reg_inst[2].gen_reg_i ;
+----------------+-------+----------------------------------------------------------------------------------+
; Parameter Name ; Value ; Type                                                                             ;
+----------------+-------+----------------------------------------------------------------------------------+
; n              ; 16    ; Signed Integer                                                                   ;
+----------------+-------+----------------------------------------------------------------------------------+
Note: In order to hide this table in the UI and the text report file, please set the "Show Parameter Settings in Synthesis Report" option in "Analysis and Synthesis Settings -> More Settings" to "Off".


+-----------------------------------------------------------------------------------------------------------+
; Parameter Settings for User Entity Instance: cpu:proc|cpu_datapath:datapath|reg_n_h:reg_inst[3].gen_reg_i ;
+----------------+-------+----------------------------------------------------------------------------------+
; Parameter Name ; Value ; Type                                                                             ;
+----------------+-------+----------------------------------------------------------------------------------+
; n              ; 16    ; Signed Integer                                                                   ;
+----------------+-------+----------------------------------------------------------------------------------+
Note: In order to hide this table in the UI and the text report file, please set the "Show Parameter Settings in Synthesis Report" option in "Analysis and Synthesis Settings -> More Settings" to "Off".


+-----------------------------------------------------------------------------------------------------------+
; Parameter Settings for User Entity Instance: cpu:proc|cpu_datapath:datapath|reg_n_h:reg_inst[4].gen_reg_i ;
+----------------+-------+----------------------------------------------------------------------------------+
; Parameter Name ; Value ; Type                                                                             ;
+----------------+-------+----------------------------------------------------------------------------------+
; n              ; 16    ; Signed Integer                                                                   ;
+----------------+-------+----------------------------------------------------------------------------------+
Note: In order to hide this table in the UI and the text report file, please set the "Show Parameter Settings in Synthesis Report" option in "Analysis and Synthesis Settings -> More Settings" to "Off".


+-----------------------------------------------------------------------------------------------------------+
; Parameter Settings for User Entity Instance: cpu:proc|cpu_datapath:datapath|reg_n_h:reg_inst[5].gen_reg_i ;
+----------------+-------+----------------------------------------------------------------------------------+
; Parameter Name ; Value ; Type                                                                             ;
+----------------+-------+----------------------------------------------------------------------------------+
; n              ; 16    ; Signed Integer                                                                   ;
+----------------+-------+----------------------------------------------------------------------------------+
Note: In order to hide this table in the UI and the text report file, please set the "Show Parameter Settings in Synthesis Report" option in "Analysis and Synthesis Settings -> More Settings" to "Off".


+-----------------------------------------------------------------------------------------------------------+
; Parameter Settings for User Entity Instance: cpu:proc|cpu_datapath:datapath|reg_n_h:reg_inst[6].gen_reg_i ;
+----------------+-------+----------------------------------------------------------------------------------+
; Parameter Name ; Value ; Type                                                                             ;
+----------------+-------+----------------------------------------------------------------------------------+
; n              ; 16    ; Signed Integer                                                                   ;
+----------------+-------+----------------------------------------------------------------------------------+
Note: In order to hide this table in the UI and the text report file, please set the "Show Parameter Settings in Synthesis Report" option in "Analysis and Synthesis Settings -> More Settings" to "Off".


+-----------------------------------------------------------------------------------------------------------+
; Parameter Settings for User Entity Instance: cpu:proc|cpu_datapath:datapath|reg_n_h:reg_inst[7].gen_reg_i ;
+----------------+-------+----------------------------------------------------------------------------------+
; Parameter Name ; Value ; Type                                                                             ;
+----------------+-------+----------------------------------------------------------------------------------+
; n              ; 16    ; Signed Integer                                                                   ;
+----------------+-------+----------------------------------------------------------------------------------+
Note: In order to hide this table in the UI and the text report file, please set the "Show Parameter Settings in Synthesis Report" option in "Analysis and Synthesis Settings -> More Settings" to "Off".


+------------------------------------------------------------------------------------------------+
; Parameter Settings for User Entity Instance: cpu:proc|cpu_datapath:datapath|program_counter:pc ;
+----------------+-------+-----------------------------------------------------------------------+
; Parameter Name ; Value ; Type                                                                  ;
+----------------+-------+-----------------------------------------------------------------------+
; n              ; 16    ; Signed Integer                                                        ;
+----------------+-------+-----------------------------------------------------------------------+
Note: In order to hide this table in the UI and the text report file, please set the "Show Parameter Settings in Synthesis Report" option in "Analysis and Synthesis Settings -> More Settings" to "Off".


+----------------------------------------------------------------------------------------+
; Parameter Settings for User Entity Instance: cpu:proc|cpu_datapath:datapath|reg_n:regA ;
+----------------+-------+---------------------------------------------------------------+
; Parameter Name ; Value ; Type                                                          ;
+----------------+-------+---------------------------------------------------------------+
; n              ; 16    ; Signed Integer                                                ;
+----------------+-------+---------------------------------------------------------------+
Note: In order to hide this table in the UI and the text report file, please set the "Show Parameter Settings in Synthesis Report" option in "Analysis and Synthesis Settings -> More Settings" to "Off".


+----------------------------------------------------------------------------------------+
; Parameter Settings for User Entity Instance: cpu:proc|cpu_datapath:datapath|reg_n:regS ;
+----------------+-------+---------------------------------------------------------------+
; Parameter Name ; Value ; Type                                                          ;
+----------------+-------+---------------------------------------------------------------+
; n              ; 16    ; Signed Integer                                                ;
+----------------+-------+---------------------------------------------------------------+
Note: In order to hide this table in the UI and the text report file, please set the "Show Parameter Settings in Synthesis Report" option in "Analysis and Synthesis Settings -> More Settings" to "Off".


+----------------------------------------------------------------------------------------+
; Parameter Settings for User Entity Instance: cpu:proc|cpu_datapath:datapath|reg_n:regZ ;
+----------------+-------+---------------------------------------------------------------+
; Parameter Name ; Value ; Type                                                          ;
+----------------+-------+---------------------------------------------------------------+
; n              ; 1     ; Signed Integer                                                ;
+----------------+-------+---------------------------------------------------------------+
Note: In order to hide this table in the UI and the text report file, please set the "Show Parameter Settings in Synthesis Report" option in "Analysis and Synthesis Settings -> More Settings" to "Off".


+----------------------------------------------------------------------------------------+
; Parameter Settings for User Entity Instance: cpu:proc|cpu_datapath:datapath|reg_n:regN ;
+----------------+-------+---------------------------------------------------------------+
; Parameter Name ; Value ; Type                                                          ;
+----------------+-------+---------------------------------------------------------------+
; n              ; 1     ; Signed Integer                                                ;
+----------------+-------+---------------------------------------------------------------+
Note: In order to hide this table in the UI and the text report file, please set the "Show Parameter Settings in Synthesis Report" option in "Analysis and Synthesis Settings -> More Settings" to "Off".


+----------------------------------------------------------------------------------------+
; Parameter Settings for User Entity Instance: cpu:proc|cpu_datapath:datapath|reg_n:regI ;
+----------------+-------+---------------------------------------------------------------+
; Parameter Name ; Value ; Type                                                          ;
+----------------+-------+---------------------------------------------------------------+
; n              ; 16    ; Signed Integer                                                ;
+----------------+-------+---------------------------------------------------------------+
Note: In order to hide this table in the UI and the text report file, please set the "Show Parameter Settings in Synthesis Report" option in "Analysis and Synthesis Settings -> More Settings" to "Off".


+-------------------------------------------------------------------------------------------+
; Parameter Settings for User Entity Instance: cpu:proc|cpu_datapath:datapath|reg_n:regAddr ;
+----------------+-------+------------------------------------------------------------------+
; Parameter Name ; Value ; Type                                                             ;
+----------------+-------+------------------------------------------------------------------+
; n              ; 16    ; Signed Integer                                                   ;
+----------------+-------+------------------------------------------------------------------+
Note: In order to hide this table in the UI and the text report file, please set the "Show Parameter Settings in Synthesis Report" option in "Analysis and Synthesis Settings -> More Settings" to "Off".


+-----------------------------------------------------------------------------------------+
; Parameter Settings for User Entity Instance: cpu:proc|cpu_datapath:datapath|reg_n:regWd ;
+----------------+-------+----------------------------------------------------------------+
; Parameter Name ; Value ; Type                                                           ;
+----------------+-------+----------------------------------------------------------------+
; n              ; 16    ; Signed Integer                                                 ;
+----------------+-------+----------------------------------------------------------------+
Note: In order to hide this table in the UI and the text report file, please set the "Show Parameter Settings in Synthesis Report" option in "Analysis and Synthesis Settings -> More Settings" to "Off".


+--------------------------------------------------------+
; Parameter Settings for User Entity Instance: mem4k:mem ;
+----------------+---------+-----------------------------+
; Parameter Name ; Value   ; Type                        ;
+----------------+---------+-----------------------------+
; HEX_FILE       ; mem.hex ; String                      ;
+----------------+---------+-----------------------------+
Note: In order to hide this table in the UI and the text report file, please set the "Show Parameter Settings in Synthesis Report" option in "Analysis and Synthesis Settings -> More Settings" to "Off".


+--------------------------------------------------------------------------------------------+
; Parameter Settings for Inferred Entity Instance: mem4k:mem|altsyncram:mem_rtl_0            ;
+------------------------------------+--------------------------------------+----------------+
; Parameter Name                     ; Value                                ; Type           ;
+------------------------------------+--------------------------------------+----------------+
; BYTE_SIZE_BLOCK                    ; 8                                    ; Untyped        ;
; AUTO_CARRY_CHAINS                  ; ON                                   ; AUTO_CARRY     ;
; IGNORE_CARRY_BUFFERS               ; OFF                                  ; IGNORE_CARRY   ;
; AUTO_CASCADE_CHAINS                ; ON                                   ; AUTO_CASCADE   ;
; IGNORE_CASCADE_BUFFERS             ; OFF                                  ; IGNORE_CASCADE ;
; WIDTH_BYTEENA                      ; 1                                    ; Untyped        ;
; OPERATION_MODE                     ; DUAL_PORT                            ; Untyped        ;
; WIDTH_A                            ; 16                                   ; Untyped        ;
; WIDTHAD_A                          ; 11                                   ; Untyped        ;
; NUMWORDS_A                         ; 2048                                 ; Untyped        ;
; OUTDATA_REG_A                      ; UNREGISTERED                         ; Untyped        ;
; ADDRESS_ACLR_A                     ; NONE                                 ; Untyped        ;
; OUTDATA_ACLR_A                     ; NONE                                 ; Untyped        ;
; WRCONTROL_ACLR_A                   ; NONE                                 ; Untyped        ;
; INDATA_ACLR_A                      ; NONE                                 ; Untyped        ;
; BYTEENA_ACLR_A                     ; NONE                                 ; Untyped        ;
; WIDTH_B                            ; 16                                   ; Untyped        ;
; WIDTHAD_B                          ; 11                                   ; Untyped        ;
; NUMWORDS_B                         ; 2048                                 ; Untyped        ;
; INDATA_REG_B                       ; CLOCK1                               ; Untyped        ;
; WRCONTROL_WRADDRESS_REG_B          ; CLOCK1                               ; Untyped        ;
; RDCONTROL_REG_B                    ; CLOCK1                               ; Untyped        ;
; ADDRESS_REG_B                      ; CLOCK0                               ; Untyped        ;
; OUTDATA_REG_B                      ; UNREGISTERED                         ; Untyped        ;
; BYTEENA_REG_B                      ; CLOCK1                               ; Untyped        ;
; INDATA_ACLR_B                      ; NONE                                 ; Untyped        ;
; WRCONTROL_ACLR_B                   ; NONE                                 ; Untyped        ;
; ADDRESS_ACLR_B                     ; NONE                                 ; Untyped        ;
; OUTDATA_ACLR_B                     ; NONE                                 ; Untyped        ;
; RDCONTROL_ACLR_B                   ; NONE                                 ; Untyped        ;
; BYTEENA_ACLR_B                     ; NONE                                 ; Untyped        ;
; WIDTH_BYTEENA_A                    ; 1                                    ; Untyped        ;
; WIDTH_BYTEENA_B                    ; 1                                    ; Untyped        ;
; RAM_BLOCK_TYPE                     ; AUTO                                 ; Untyped        ;
; BYTE_SIZE                          ; 8                                    ; Untyped        ;
; READ_DURING_WRITE_MODE_MIXED_PORTS ; OLD_DATA                             ; Untyped        ;
; READ_DURING_WRITE_MODE_PORT_A      ; NEW_DATA_NO_NBE_READ                 ; Untyped        ;
; READ_DURING_WRITE_MODE_PORT_B      ; NEW_DATA_NO_NBE_READ                 ; Untyped        ;
; INIT_FILE                          ; db/de1soc.ram0_mem4k_70ac2d1.hdl.mif ; Untyped        ;
; INIT_FILE_LAYOUT                   ; PORT_A                               ; Untyped        ;
; MAXIMUM_DEPTH                      ; 0                                    ; Untyped        ;
; CLOCK_ENABLE_INPUT_A               ; NORMAL                               ; Untyped        ;
; CLOCK_ENABLE_INPUT_B               ; NORMAL                               ; Untyped        ;
; CLOCK_ENABLE_OUTPUT_A              ; NORMAL                               ; Untyped        ;
; CLOCK_ENABLE_OUTPUT_B              ; NORMAL                               ; Untyped        ;
; CLOCK_ENABLE_CORE_A                ; USE_INPUT_CLKEN                      ; Untyped        ;
; CLOCK_ENABLE_CORE_B                ; USE_INPUT_CLKEN                      ; Untyped        ;
; ENABLE_ECC                         ; FALSE                                ; Untyped        ;
; ECC_PIPELINE_STAGE_ENABLED         ; FALSE                                ; Untyped        ;
; WIDTH_ECCSTATUS                    ; 3                                    ; Untyped        ;
; DEVICE_FAMILY                      ; Cyclone V                            ; Untyped        ;
; CBXI_PARAMETER                     ; altsyncram_igr1                      ; Untyped        ;
+------------------------------------+--------------------------------------+----------------+
Note: In order to hide this table in the UI and the text report file, please set the "Show Parameter Settings in Synthesis Report" option in "Analysis and Synthesis Settings -> More Settings" to "Off".


+-----------------------------------------------------------------------------------------------+
; Parameter Settings for Inferred Entity Instance: cpu:proc|cpu_control:control|lpm_divide:Mod0 ;
+------------------------+----------------+-----------------------------------------------------+
; Parameter Name         ; Value          ; Type                                                ;
+------------------------+----------------+-----------------------------------------------------+
; LPM_WIDTHN             ; 5              ; Untyped                                             ;
; LPM_WIDTHD             ; 4              ; Untyped                                             ;
; LPM_NREPRESENTATION    ; SIGNED         ; Untyped                                             ;
; LPM_DREPRESENTATION    ; SIGNED         ; Untyped                                             ;
; LPM_PIPELINE           ; 0              ; Untyped                                             ;
; LPM_REMAINDERPOSITIVE  ; FALSE          ; Untyped                                             ;
; MAXIMIZE_SPEED         ; 5              ; Untyped                                             ;
; CBXI_PARAMETER         ; lpm_divide_tfo ; Untyped                                             ;
; CARRY_CHAIN            ; MANUAL         ; Untyped                                             ;
; OPTIMIZE_FOR_SPEED     ; 5              ; Untyped                                             ;
; AUTO_CARRY_CHAINS      ; ON             ; AUTO_CARRY                                          ;
; IGNORE_CARRY_BUFFERS   ; OFF            ; IGNORE_CARRY                                        ;
; AUTO_CASCADE_CHAINS    ; ON             ; AUTO_CASCADE                                        ;
; IGNORE_CASCADE_BUFFERS ; OFF            ; IGNORE_CASCADE                                      ;
+------------------------+----------------+-----------------------------------------------------+
Note: In order to hide this table in the UI and the text report file, please set the "Show Parameter Settings in Synthesis Report" option in "Analysis and Synthesis Settings -> More Settings" to "Off".


+----------------------------------------------------------------------------+
; altsyncram Parameter Settings by Entity Instance                           ;
+-------------------------------------------+--------------------------------+
; Name                                      ; Value                          ;
+-------------------------------------------+--------------------------------+
; Number of entity instances                ; 1                              ;
; Entity Instance                           ; mem4k:mem|altsyncram:mem_rtl_0 ;
;     -- OPERATION_MODE                     ; DUAL_PORT                      ;
;     -- WIDTH_A                            ; 16                             ;
;     -- NUMWORDS_A                         ; 2048                           ;
;     -- OUTDATA_REG_A                      ; UNREGISTERED                   ;
;     -- WIDTH_B                            ; 16                             ;
;     -- NUMWORDS_B                         ; 2048                           ;
;     -- ADDRESS_REG_B                      ; CLOCK0                         ;
;     -- OUTDATA_REG_B                      ; UNREGISTERED                   ;
;     -- RAM_BLOCK_TYPE                     ; AUTO                           ;
;     -- READ_DURING_WRITE_MODE_MIXED_PORTS ; OLD_DATA                       ;
+-------------------------------------------+--------------------------------+


+--------------------------------------------+
; Port Connectivity Checks: "mem4k:mem"      ;
+----------+-------+----------+--------------+
; Port     ; Type  ; Severity ; Details      ;
+----------+-------+----------+--------------+
; addr[10] ; Input ; Info     ; Stuck at GND ;
+----------+-------+----------+--------------+


+-------------------------------------------------------------------------------------------------------------------------------+
; Port Connectivity Checks: "cpu:proc"                                                                                          ;
+---------------------+--------+----------+-------------------------------------------------------------------------------------+
; Port                ; Type   ; Severity ; Details                                                                             ;
+---------------------+--------+----------+-------------------------------------------------------------------------------------+
; o_mem_rd            ; Output ; Info     ; Connected to dangling logic. Logic that only feeds a dangling port will be removed. ;
; o_mem_wrdata[15..8] ; Output ; Info     ; Connected to dangling logic. Logic that only feeds a dangling port will be removed. ;
+---------------------+--------+----------+-------------------------------------------------------------------------------------+


+--------------------------------------------+
; Port Connectivity Checks: "reg_n:switches" ;
+------+-------+----------+------------------+
; Port ; Type  ; Severity ; Details          ;
+------+-------+----------+------------------+
; i_en ; Input ; Info     ; Stuck at VCC     ;
+------+-------+----------+------------------+


+-----------------------------------------------------+
; Post-Synthesis Netlist Statistics for Top Partition ;
+-----------------------+-----------------------------+
; Type                  ; Count                       ;
+-----------------------+-----------------------------+
; arriav_ff             ; 235                         ;
;     CLR               ; 3                           ;
;     ENA               ; 208                         ;
;     SCLR              ; 1                           ;
;     plain             ; 23                          ;
; arriav_lcell_comb     ; 295                         ;
;     arith             ; 38                          ;
;         0 data inputs ; 3                           ;
;         1 data inputs ; 15                          ;
;         3 data inputs ; 3                           ;
;         4 data inputs ; 1                           ;
;         5 data inputs ; 16                          ;
;     extend            ; 65                          ;
;         7 data inputs ; 65                          ;
;     normal            ; 192                         ;
;         0 data inputs ; 1                           ;
;         2 data inputs ; 20                          ;
;         3 data inputs ; 71                          ;
;         4 data inputs ; 21                          ;
;         5 data inputs ; 26                          ;
;         6 data inputs ; 53                          ;
; boundary_port         ; 96                          ;
; stratixv_ram_block    ; 16                          ;
;                       ;                             ;
; Max LUT depth         ; 9.20                        ;
; Average LUT depth     ; 5.91                        ;
+-----------------------+-----------------------------+


+-------------------------------+
; Elapsed Time Per Partition    ;
+----------------+--------------+
; Partition Name ; Elapsed Time ;
+----------------+--------------+
; Top            ; 00:00:03     ;
+----------------+--------------+


+-------------------------------+
; Analysis & Synthesis Messages ;
+-------------------------------+
Info: *******************************************************************
Info: Running Quartus Prime Analysis & Synthesis
    Info: Version 18.0.0 Build 614 04/24/2018 SJ Lite Edition
    Info: Processing started: Sun Mar 08 17:17:34 2020
Info: Command: quartus_map --read_settings_files=on --write_settings_files=off de1soc -c de1soc
Info (16303): Aggressive Performance optimization mode selected -- timing performance will be prioritized at the potential cost of increased logic area and compilation time
Warning (18236): Number of processors has not been specified which may cause overloading on shared machines.  Set the global assignment NUM_PARALLEL_PROCESSORS in your QSF to an appropriate value for best performance.
Info (20030): Parallel compilation is enabled and will use 4 of the 4 processors detected
Info (12021): Found 2 design units, including 2 entities, in source file reg_n.sv
    Info (12023): Found entity 1: reg_n File: E:/ECE342/lab6/part1/reg_n.sv Line: 1
    Info (12023): Found entity 2: reg_n_h File: E:/ECE342/lab6/part1/reg_n.sv Line: 14
Info (12021): Found 1 design units, including 1 entities, in source file program_counter.sv
    Info (12023): Found entity 1: program_counter File: E:/ECE342/lab6/part1/program_counter.sv Line: 1
Info (12021): Found 1 design units, including 1 entities, in source file mem4k.sv
    Info (12023): Found entity 1: mem4k File: E:/ECE342/lab6/part1/mem4k.sv Line: 5
Info (12021): Found 1 design units, including 1 entities, in source file cpu_datapath.sv
    Info (12023): Found entity 1: cpu_datapath File: E:/ECE342/lab6/part1/cpu_datapath.sv Line: 1
Info (12021): Found 1 design units, including 1 entities, in source file cpu_control.sv
    Info (12023): Found entity 1: cpu_control File: E:/ECE342/lab6/part1/cpu_control.sv Line: 1
Info (12021): Found 1 design units, including 1 entities, in source file cpu.sv
    Info (12023): Found entity 1: cpu File: E:/ECE342/lab6/part1/cpu.sv Line: 1
Info (12021): Found 1 design units, including 1 entities, in source file de1soc_top.sv
    Info (12023): Found entity 1: de1soc_top File: E:/ECE342/lab6/part1/de1soc_top.sv Line: 1
Info (12127): Elaborating entity "de1soc_top" for the top level hierarchy
Warning (10230): Verilog HDL assignment warning at de1soc_top.sv(92): truncated value with size 32 to match size of target (16) File: E:/ECE342/lab6/part1/de1soc_top.sv Line: 92
Warning (10034): Output port "HEX0" at de1soc_top.sv(7) has no driver File: E:/ECE342/lab6/part1/de1soc_top.sv Line: 7
Warning (10034): Output port "HEX1" at de1soc_top.sv(8) has no driver File: E:/ECE342/lab6/part1/de1soc_top.sv Line: 8
Warning (10034): Output port "HEX2" at de1soc_top.sv(9) has no driver File: E:/ECE342/lab6/part1/de1soc_top.sv Line: 9
Warning (10034): Output port "HEX3" at de1soc_top.sv(10) has no driver File: E:/ECE342/lab6/part1/de1soc_top.sv Line: 10
Warning (10034): Output port "HEX4" at de1soc_top.sv(11) has no driver File: E:/ECE342/lab6/part1/de1soc_top.sv Line: 11
Warning (10034): Output port "HEX5" at de1soc_top.sv(12) has no driver File: E:/ECE342/lab6/part1/de1soc_top.sv Line: 12
Warning (10034): Output port "LEDR[9..8]" at de1soc_top.sv(18) has no driver File: E:/ECE342/lab6/part1/de1soc_top.sv Line: 18
Warning (10034): Output port "VGA_B" at de1soc_top.sv(24) has no driver File: E:/ECE342/lab6/part1/de1soc_top.sv Line: 24
Warning (10034): Output port "VGA_G" at de1soc_top.sv(27) has no driver File: E:/ECE342/lab6/part1/de1soc_top.sv Line: 27
Warning (10034): Output port "VGA_R" at de1soc_top.sv(29) has no driver File: E:/ECE342/lab6/part1/de1soc_top.sv Line: 29
Warning (10034): Output port "VGA_BLANK_N" at de1soc_top.sv(25) has no driver File: E:/ECE342/lab6/part1/de1soc_top.sv Line: 25
Warning (10034): Output port "VGA_CLK" at de1soc_top.sv(26) has no driver File: E:/ECE342/lab6/part1/de1soc_top.sv Line: 26
Warning (10034): Output port "VGA_HS" at de1soc_top.sv(28) has no driver File: E:/ECE342/lab6/part1/de1soc_top.sv Line: 28
Warning (10034): Output port "VGA_SYNC_N" at de1soc_top.sv(30) has no driver File: E:/ECE342/lab6/part1/de1soc_top.sv Line: 30
Warning (10034): Output port "VGA_VS" at de1soc_top.sv(32) has no driver File: E:/ECE342/lab6/part1/de1soc_top.sv Line: 32
Info (12128): Elaborating entity "reg_n" for hierarchy "reg_n:switches" File: E:/ECE342/lab6/part1/de1soc_top.sv Line: 51
Info (12128): Elaborating entity "cpu" for hierarchy "cpu:proc" File: E:/ECE342/lab6/part1/de1soc_top.sv Line: 71
Info (12128): Elaborating entity "cpu_control" for hierarchy "cpu:proc|cpu_control:control" File: E:/ECE342/lab6/part1/cpu.sv Line: 20
Warning (10036): Verilog HDL or VHDL warning at cpu_control.sv(42): object "ry" assigned a value but never read File: E:/ECE342/lab6/part1/cpu_control.sv Line: 42
Info (12128): Elaborating entity "cpu_datapath" for hierarchy "cpu:proc|cpu_datapath:datapath" File: E:/ECE342/lab6/part1/cpu.sv Line: 21
Info (12128): Elaborating entity "reg_n_h" for hierarchy "cpu:proc|cpu_datapath:datapath|reg_n_h:reg_inst[0].gen_reg_i" File: E:/ECE342/lab6/part1/cpu_datapath.sv Line: 30
Info (12128): Elaborating entity "program_counter" for hierarchy "cpu:proc|cpu_datapath:datapath|program_counter:pc" File: E:/ECE342/lab6/part1/cpu_datapath.sv Line: 40
Warning (10230): Verilog HDL assignment warning at program_counter.sv(17): truncated value with size 32 to match size of target (16) File: E:/ECE342/lab6/part1/program_counter.sv Line: 17
Info (12128): Elaborating entity "reg_n" for hierarchy "cpu:proc|cpu_datapath:datapath|reg_n:regA" File: E:/ECE342/lab6/part1/cpu_datapath.sv Line: 50
Info (12128): Elaborating entity "reg_n" for hierarchy "cpu:proc|cpu_datapath:datapath|reg_n:regZ" File: E:/ECE342/lab6/part1/cpu_datapath.sv Line: 52
Info (12128): Elaborating entity "mem4k" for hierarchy "mem4k:mem" File: E:/ECE342/lab6/part1/de1soc_top.sv Line: 81
Warning (10850): Verilog HDL warning at mem4k.sv(24): number of words (7) in memory file does not match the number of elements in the address range [0:2047] File: E:/ECE342/lab6/part1/mem4k.sv Line: 24
Warning (13046): Tri-state node(s) do not directly drive top-level pin(s)
    Warning (13049): Converted tri-state buffer "p_mem_rddata[0]" feeding internal logic into a wire File: E:/ECE342/lab6/part1/de1soc_top.sv Line: 39
    Warning (13049): Converted tri-state buffer "p_mem_rddata[1]" feeding internal logic into a wire File: E:/ECE342/lab6/part1/de1soc_top.sv Line: 39
    Warning (13049): Converted tri-state buffer "p_mem_rddata[2]" feeding internal logic into a wire File: E:/ECE342/lab6/part1/de1soc_top.sv Line: 39
    Warning (13049): Converted tri-state buffer "p_mem_rddata[3]" feeding internal logic into a wire File: E:/ECE342/lab6/part1/de1soc_top.sv Line: 39
    Warning (13049): Converted tri-state buffer "p_mem_rddata[4]" feeding internal logic into a wire File: E:/ECE342/lab6/part1/de1soc_top.sv Line: 39
    Warning (13049): Converted tri-state buffer "p_mem_rddata[5]" feeding internal logic into a wire File: E:/ECE342/lab6/part1/de1soc_top.sv Line: 39
    Warning (13049): Converted tri-state buffer "p_mem_rddata[6]" feeding internal logic into a wire File: E:/ECE342/lab6/part1/de1soc_top.sv Line: 39
    Warning (13049): Converted tri-state buffer "p_mem_rddata[7]" feeding internal logic into a wire File: E:/ECE342/lab6/part1/de1soc_top.sv Line: 39
    Warning (13049): Converted tri-state buffer "p_mem_rddata[8]" feeding internal logic into a wire File: E:/ECE342/lab6/part1/de1soc_top.sv Line: 39
    Warning (13049): Converted tri-state buffer "p_mem_rddata[9]" feeding internal logic into a wire File: E:/ECE342/lab6/part1/de1soc_top.sv Line: 39
    Warning (13049): Converted tri-state buffer "p_mem_rddata[10]" feeding internal logic into a wire File: E:/ECE342/lab6/part1/de1soc_top.sv Line: 39
    Warning (13049): Converted tri-state buffer "p_mem_rddata[11]" feeding internal logic into a wire File: E:/ECE342/lab6/part1/de1soc_top.sv Line: 39
    Warning (13049): Converted tri-state buffer "p_mem_rddata[12]" feeding internal logic into a wire File: E:/ECE342/lab6/part1/de1soc_top.sv Line: 39
    Warning (13049): Converted tri-state buffer "p_mem_rddata[13]" feeding internal logic into a wire File: E:/ECE342/lab6/part1/de1soc_top.sv Line: 39
    Warning (13049): Converted tri-state buffer "p_mem_rddata[14]" feeding internal logic into a wire File: E:/ECE342/lab6/part1/de1soc_top.sv Line: 39
    Warning (13049): Converted tri-state buffer "p_mem_rddata[15]" feeding internal logic into a wire File: E:/ECE342/lab6/part1/de1soc_top.sv Line: 39
Info (19000): Inferred 1 megafunctions from design logic
    Info (276029): Inferred altsyncram megafunction from the following design logic: "mem4k:mem|mem_rtl_0" 
        Info (286033): Parameter OPERATION_MODE set to DUAL_PORT
        Info (286033): Parameter WIDTH_A set to 16
        Info (286033): Parameter WIDTHAD_A set to 11
        Info (286033): Parameter NUMWORDS_A set to 2048
        Info (286033): Parameter WIDTH_B set to 16
        Info (286033): Parameter WIDTHAD_B set to 11
        Info (286033): Parameter NUMWORDS_B set to 2048
        Info (286033): Parameter ADDRESS_ACLR_A set to NONE
        Info (286033): Parameter OUTDATA_REG_B set to UNREGISTERED
        Info (286033): Parameter ADDRESS_ACLR_B set to NONE
        Info (286033): Parameter OUTDATA_ACLR_B set to NONE
        Info (286033): Parameter ADDRESS_REG_B set to CLOCK0
        Info (286033): Parameter INDATA_ACLR_A set to NONE
        Info (286033): Parameter WRCONTROL_ACLR_A set to NONE
        Info (286033): Parameter INIT_FILE set to db/de1soc.ram0_mem4k_70ac2d1.hdl.mif
        Info (286033): Parameter READ_DURING_WRITE_MODE_MIXED_PORTS set to OLD_DATA
Info (278001): Inferred 1 megafunctions from design logic
    Info (278004): Inferred divider/modulo megafunction ("lpm_divide") from the following logic: "cpu:proc|cpu_control:control|Mod0" File: E:/ECE342/lab6/part1/cpu_control.sv Line: 60
Info (12130): Elaborated megafunction instantiation "mem4k:mem|altsyncram:mem_rtl_0"
Info (12133): Instantiated megafunction "mem4k:mem|altsyncram:mem_rtl_0" with the following parameter:
    Info (12134): Parameter "OPERATION_MODE" = "DUAL_PORT"
    Info (12134): Parameter "WIDTH_A" = "16"
    Info (12134): Parameter "WIDTHAD_A" = "11"
    Info (12134): Parameter "NUMWORDS_A" = "2048"
    Info (12134): Parameter "WIDTH_B" = "16"
    Info (12134): Parameter "WIDTHAD_B" = "11"
    Info (12134): Parameter "NUMWORDS_B" = "2048"
    Info (12134): Parameter "ADDRESS_ACLR_A" = "NONE"
    Info (12134): Parameter "OUTDATA_REG_B" = "UNREGISTERED"
    Info (12134): Parameter "ADDRESS_ACLR_B" = "NONE"
    Info (12134): Parameter "OUTDATA_ACLR_B" = "NONE"
    Info (12134): Parameter "ADDRESS_REG_B" = "CLOCK0"
    Info (12134): Parameter "INDATA_ACLR_A" = "NONE"
    Info (12134): Parameter "WRCONTROL_ACLR_A" = "NONE"
    Info (12134): Parameter "INIT_FILE" = "db/de1soc.ram0_mem4k_70ac2d1.hdl.mif"
    Info (12134): Parameter "READ_DURING_WRITE_MODE_MIXED_PORTS" = "OLD_DATA"
Info (12021): Found 1 design units, including 1 entities, in source file db/altsyncram_igr1.tdf
    Info (12023): Found entity 1: altsyncram_igr1 File: E:/ECE342/lab6/part1/db/altsyncram_igr1.tdf Line: 27
Info (12130): Elaborated megafunction instantiation "cpu:proc|cpu_control:control|lpm_divide:Mod0" File: E:/ECE342/lab6/part1/cpu_control.sv Line: 60
Info (12133): Instantiated megafunction "cpu:proc|cpu_control:control|lpm_divide:Mod0" with the following parameter: File: E:/ECE342/lab6/part1/cpu_control.sv Line: 60
    Info (12134): Parameter "LPM_WIDTHN" = "5"
    Info (12134): Parameter "LPM_WIDTHD" = "4"
    Info (12134): Parameter "LPM_NREPRESENTATION" = "SIGNED"
    Info (12134): Parameter "LPM_DREPRESENTATION" = "SIGNED"
    Info (12134): Parameter "LPM_HINT" = "LPM_REMAINDERPOSITIVE=FALSE"
Info (12021): Found 1 design units, including 1 entities, in source file db/lpm_divide_tfo.tdf
    Info (12023): Found entity 1: lpm_divide_tfo File: E:/ECE342/lab6/part1/db/lpm_divide_tfo.tdf Line: 24
Info (12021): Found 1 design units, including 1 entities, in source file db/abs_divider_3ag.tdf
    Info (12023): Found entity 1: abs_divider_3ag File: E:/ECE342/lab6/part1/db/abs_divider_3ag.tdf Line: 28
Info (12021): Found 1 design units, including 1 entities, in source file db/alt_u_div_mse.tdf
    Info (12023): Found entity 1: alt_u_div_mse File: E:/ECE342/lab6/part1/db/alt_u_div_mse.tdf Line: 22
Info (12021): Found 1 design units, including 1 entities, in source file db/lpm_abs_jn9.tdf
    Info (12023): Found entity 1: lpm_abs_jn9 File: E:/ECE342/lab6/part1/db/lpm_abs_jn9.tdf Line: 22
Info (12021): Found 1 design units, including 1 entities, in source file db/lpm_abs_kn9.tdf
    Info (12023): Found entity 1: lpm_abs_kn9 File: E:/ECE342/lab6/part1/db/lpm_abs_kn9.tdf Line: 22
Warning (13024): Output pins are stuck at VCC or GND
    Warning (13410): Pin "HEX0[0]" is stuck at GND File: E:/ECE342/lab6/part1/de1soc_top.sv Line: 7
    Warning (13410): Pin "HEX0[1]" is stuck at GND File: E:/ECE342/lab6/part1/de1soc_top.sv Line: 7
    Warning (13410): Pin "HEX0[2]" is stuck at GND File: E:/ECE342/lab6/part1/de1soc_top.sv Line: 7
    Warning (13410): Pin "HEX0[3]" is stuck at GND File: E:/ECE342/lab6/part1/de1soc_top.sv Line: 7
    Warning (13410): Pin "HEX0[4]" is stuck at GND File: E:/ECE342/lab6/part1/de1soc_top.sv Line: 7
    Warning (13410): Pin "HEX0[5]" is stuck at GND File: E:/ECE342/lab6/part1/de1soc_top.sv Line: 7
    Warning (13410): Pin "HEX0[6]" is stuck at GND File: E:/ECE342/lab6/part1/de1soc_top.sv Line: 7
    Warning (13410): Pin "HEX1[0]" is stuck at GND File: E:/ECE342/lab6/part1/de1soc_top.sv Line: 8
    Warning (13410): Pin "HEX1[1]" is stuck at GND File: E:/ECE342/lab6/part1/de1soc_top.sv Line: 8
    Warning (13410): Pin "HEX1[2]" is stuck at GND File: E:/ECE342/lab6/part1/de1soc_top.sv Line: 8
    Warning (13410): Pin "HEX1[3]" is stuck at GND File: E:/ECE342/lab6/part1/de1soc_top.sv Line: 8
    Warning (13410): Pin "HEX1[4]" is stuck at GND File: E:/ECE342/lab6/part1/de1soc_top.sv Line: 8
    Warning (13410): Pin "HEX1[5]" is stuck at GND File: E:/ECE342/lab6/part1/de1soc_top.sv Line: 8
    Warning (13410): Pin "HEX1[6]" is stuck at GND File: E:/ECE342/lab6/part1/de1soc_top.sv Line: 8
    Warning (13410): Pin "HEX2[0]" is stuck at GND File: E:/ECE342/lab6/part1/de1soc_top.sv Line: 9
    Warning (13410): Pin "HEX2[1]" is stuck at GND File: E:/ECE342/lab6/part1/de1soc_top.sv Line: 9
    Warning (13410): Pin "HEX2[2]" is stuck at GND File: E:/ECE342/lab6/part1/de1soc_top.sv Line: 9
    Warning (13410): Pin "HEX2[3]" is stuck at GND File: E:/ECE342/lab6/part1/de1soc_top.sv Line: 9
    Warning (13410): Pin "HEX2[4]" is stuck at GND File: E:/ECE342/lab6/part1/de1soc_top.sv Line: 9
    Warning (13410): Pin "HEX2[5]" is stuck at GND File: E:/ECE342/lab6/part1/de1soc_top.sv Line: 9
    Warning (13410): Pin "HEX2[6]" is stuck at GND File: E:/ECE342/lab6/part1/de1soc_top.sv Line: 9
    Warning (13410): Pin "HEX3[0]" is stuck at GND File: E:/ECE342/lab6/part1/de1soc_top.sv Line: 10
    Warning (13410): Pin "HEX3[1]" is stuck at GND File: E:/ECE342/lab6/part1/de1soc_top.sv Line: 10
    Warning (13410): Pin "HEX3[2]" is stuck at GND File: E:/ECE342/lab6/part1/de1soc_top.sv Line: 10
    Warning (13410): Pin "HEX3[3]" is stuck at GND File: E:/ECE342/lab6/part1/de1soc_top.sv Line: 10
    Warning (13410): Pin "HEX3[4]" is stuck at GND File: E:/ECE342/lab6/part1/de1soc_top.sv Line: 10
    Warning (13410): Pin "HEX3[5]" is stuck at GND File: E:/ECE342/lab6/part1/de1soc_top.sv Line: 10
    Warning (13410): Pin "HEX3[6]" is stuck at GND File: E:/ECE342/lab6/part1/de1soc_top.sv Line: 10
    Warning (13410): Pin "HEX4[0]" is stuck at GND File: E:/ECE342/lab6/part1/de1soc_top.sv Line: 11
    Warning (13410): Pin "HEX4[1]" is stuck at GND File: E:/ECE342/lab6/part1/de1soc_top.sv Line: 11
    Warning (13410): Pin "HEX4[2]" is stuck at GND File: E:/ECE342/lab6/part1/de1soc_top.sv Line: 11
    Warning (13410): Pin "HEX4[3]" is stuck at GND File: E:/ECE342/lab6/part1/de1soc_top.sv Line: 11
    Warning (13410): Pin "HEX4[4]" is stuck at GND File: E:/ECE342/lab6/part1/de1soc_top.sv Line: 11
    Warning (13410): Pin "HEX4[5]" is stuck at GND File: E:/ECE342/lab6/part1/de1soc_top.sv Line: 11
    Warning (13410): Pin "HEX4[6]" is stuck at GND File: E:/ECE342/lab6/part1/de1soc_top.sv Line: 11
    Warning (13410): Pin "HEX5[0]" is stuck at GND File: E:/ECE342/lab6/part1/de1soc_top.sv Line: 12
    Warning (13410): Pin "HEX5[1]" is stuck at GND File: E:/ECE342/lab6/part1/de1soc_top.sv Line: 12
    Warning (13410): Pin "HEX5[2]" is stuck at GND File: E:/ECE342/lab6/part1/de1soc_top.sv Line: 12
    Warning (13410): Pin "HEX5[3]" is stuck at GND File: E:/ECE342/lab6/part1/de1soc_top.sv Line: 12
    Warning (13410): Pin "HEX5[4]" is stuck at GND File: E:/ECE342/lab6/part1/de1soc_top.sv Line: 12
    Warning (13410): Pin "HEX5[5]" is stuck at GND File: E:/ECE342/lab6/part1/de1soc_top.sv Line: 12
    Warning (13410): Pin "HEX5[6]" is stuck at GND File: E:/ECE342/lab6/part1/de1soc_top.sv Line: 12
    Warning (13410): Pin "LEDR[8]" is stuck at GND File: E:/ECE342/lab6/part1/de1soc_top.sv Line: 18
    Warning (13410): Pin "LEDR[9]" is stuck at GND File: E:/ECE342/lab6/part1/de1soc_top.sv Line: 18
    Warning (13410): Pin "VGA_B[0]" is stuck at GND File: E:/ECE342/lab6/part1/de1soc_top.sv Line: 24
    Warning (13410): Pin "VGA_B[1]" is stuck at GND File: E:/ECE342/lab6/part1/de1soc_top.sv Line: 24
    Warning (13410): Pin "VGA_B[2]" is stuck at GND File: E:/ECE342/lab6/part1/de1soc_top.sv Line: 24
    Warning (13410): Pin "VGA_B[3]" is stuck at GND File: E:/ECE342/lab6/part1/de1soc_top.sv Line: 24
    Warning (13410): Pin "VGA_B[4]" is stuck at GND File: E:/ECE342/lab6/part1/de1soc_top.sv Line: 24
    Warning (13410): Pin "VGA_B[5]" is stuck at GND File: E:/ECE342/lab6/part1/de1soc_top.sv Line: 24
    Warning (13410): Pin "VGA_B[6]" is stuck at GND File: E:/ECE342/lab6/part1/de1soc_top.sv Line: 24
    Warning (13410): Pin "VGA_B[7]" is stuck at GND File: E:/ECE342/lab6/part1/de1soc_top.sv Line: 24
    Warning (13410): Pin "VGA_BLANK_N" is stuck at GND File: E:/ECE342/lab6/part1/de1soc_top.sv Line: 25
    Warning (13410): Pin "VGA_CLK" is stuck at GND File: E:/ECE342/lab6/part1/de1soc_top.sv Line: 26
    Warning (13410): Pin "VGA_G[0]" is stuck at GND File: E:/ECE342/lab6/part1/de1soc_top.sv Line: 27
    Warning (13410): Pin "VGA_G[1]" is stuck at GND File: E:/ECE342/lab6/part1/de1soc_top.sv Line: 27
    Warning (13410): Pin "VGA_G[2]" is stuck at GND File: E:/ECE342/lab6/part1/de1soc_top.sv Line: 27
    Warning (13410): Pin "VGA_G[3]" is stuck at GND File: E:/ECE342/lab6/part1/de1soc_top.sv Line: 27
    Warning (13410): Pin "VGA_G[4]" is stuck at GND File: E:/ECE342/lab6/part1/de1soc_top.sv Line: 27
    Warning (13410): Pin "VGA_G[5]" is stuck at GND File: E:/ECE342/lab6/part1/de1soc_top.sv Line: 27
    Warning (13410): Pin "VGA_G[6]" is stuck at GND File: E:/ECE342/lab6/part1/de1soc_top.sv Line: 27
    Warning (13410): Pin "VGA_G[7]" is stuck at GND File: E:/ECE342/lab6/part1/de1soc_top.sv Line: 27
    Warning (13410): Pin "VGA_HS" is stuck at GND File: E:/ECE342/lab6/part1/de1soc_top.sv Line: 28
    Warning (13410): Pin "VGA_R[0]" is stuck at GND File: E:/ECE342/lab6/part1/de1soc_top.sv Line: 29
    Warning (13410): Pin "VGA_R[1]" is stuck at GND File: E:/ECE342/lab6/part1/de1soc_top.sv Line: 29
    Warning (13410): Pin "VGA_R[2]" is stuck at GND File: E:/ECE342/lab6/part1/de1soc_top.sv Line: 29
    Warning (13410): Pin "VGA_R[3]" is stuck at GND File: E:/ECE342/lab6/part1/de1soc_top.sv Line: 29
    Warning (13410): Pin "VGA_R[4]" is stuck at GND File: E:/ECE342/lab6/part1/de1soc_top.sv Line: 29
    Warning (13410): Pin "VGA_R[5]" is stuck at GND File: E:/ECE342/lab6/part1/de1soc_top.sv Line: 29
    Warning (13410): Pin "VGA_R[6]" is stuck at GND File: E:/ECE342/lab6/part1/de1soc_top.sv Line: 29
    Warning (13410): Pin "VGA_R[7]" is stuck at GND File: E:/ECE342/lab6/part1/de1soc_top.sv Line: 29
    Warning (13410): Pin "VGA_SYNC_N" is stuck at GND File: E:/ECE342/lab6/part1/de1soc_top.sv Line: 30
    Warning (13410): Pin "VGA_VS" is stuck at GND File: E:/ECE342/lab6/part1/de1soc_top.sv Line: 32
Info (286030): Timing-Driven Synthesis is running
Info (17049): 2 registers lost all their fanouts during netlist optimizations.
Info (17036): Removed 1 MSB VCC or GND address nodes from RAM block "mem4k:mem|altsyncram:mem_rtl_0|altsyncram_igr1:auto_generated|ALTSYNCRAM" File: E:/ECE342/lab6/part1/db/altsyncram_igr1.tdf Line: 37
Info (144001): Generated suppressed messages file E:/ECE342/lab6/part1/out/de1soc.map.smsg
Info (16010): Generating hard_block partition "hard_block:auto_generated_inst"
    Info (16011): Adding 0 node(s), including 0 DDIO, 0 PLL, 0 transceiver and 0 LCELL
Warning (21074): Design contains 5 input pin(s) that do not drive logic
    Warning (15610): No output dependent on input pin "KEY[1]" File: E:/ECE342/lab6/part1/de1soc_top.sv Line: 15
    Warning (15610): No output dependent on input pin "KEY[2]" File: E:/ECE342/lab6/part1/de1soc_top.sv Line: 15
    Warning (15610): No output dependent on input pin "KEY[3]" File: E:/ECE342/lab6/part1/de1soc_top.sv Line: 15
    Warning (15610): No output dependent on input pin "SW[8]" File: E:/ECE342/lab6/part1/de1soc_top.sv Line: 21
    Warning (15610): No output dependent on input pin "SW[9]" File: E:/ECE342/lab6/part1/de1soc_top.sv Line: 21
Info (21057): Implemented 615 device resources after synthesis - the final resource count might be different
    Info (21058): Implemented 15 input pins
    Info (21059): Implemented 81 output pins
    Info (21061): Implemented 503 logic cells
    Info (21064): Implemented 16 RAM segments
Info: Quartus Prime Analysis & Synthesis was successful. 0 errors, 117 warnings
    Info: Peak virtual memory: 4844 megabytes
    Info: Processing ended: Sun Mar 08 17:17:55 2020
    Info: Elapsed time: 00:00:21
    Info: Total CPU time (on all processors): 00:00:28


+------------------------------------------+
; Analysis & Synthesis Suppressed Messages ;
+------------------------------------------+
The suppressed messages can be found in E:/ECE342/lab6/part1/out/de1soc.map.smsg.


